[0.310s] DEBUG:colcon:Command line arguments: ['/usr/bin/colcon', 'build', '--symlink-install']
[0.311s] DEBUG:colcon:Parsed command line arguments: Namespace(log_base=None, log_level=None, verb_name='build', build_base='build', install_base='install', merge_install=False, symlink_install=True, test_result_base=None, continue_on_error=False, executor='parallel', parallel_workers=8, event_handlers=None, ignore_user_meta=False, metas=['./colcon.meta'], base_paths=['.'], packages_ignore=None, packages_ignore_regex=None, paths=None, packages_up_to=None, packages_up_to_regex=None, packages_above=None, packages_above_and_dependencies=None, packages_above_depth=None, packages_select_by_dep=None, packages_skip_by_dep=None, packages_skip_up_to=None, packages_select_build_failed=False, packages_skip_build_finished=False, packages_select_test_failures=False, packages_skip_test_passed=False, packages_select=None, packages_skip=None, packages_select_regex=None, packages_skip_regex=None, packages_start=None, packages_end=None, allow_overriding=[], cmake_args=None, cmake_target=None, cmake_target_skip_unavailable=False, cmake_clean_cache=False, cmake_clean_first=False, cmake_force_configure=False, ament_cmake_args=None, catkin_cmake_args=None, catkin_skip_building_tests=False, verb_parser=<colcon_defaults.argument_parser.defaults.DefaultArgumentsDecorator object at 0x7feca8413820>, verb_extension=<colcon_core.verb.build.BuildVerb object at 0x7feca8413310>, main=<bound method BuildVerb.main of <colcon_core.verb.build.BuildVerb object at 0x7feca8413310>>)
[0.667s] Level 1:colcon.colcon_core.package_discovery:discover_packages(colcon_meta) check parameters
[0.669s] Level 1:colcon.colcon_core.package_discovery:discover_packages(recursive) check parameters
[0.669s] Level 1:colcon.colcon_core.package_discovery:discover_packages(ignore) check parameters
[0.670s] Level 1:colcon.colcon_core.package_discovery:discover_packages(path) check parameters
[0.671s] Level 1:colcon.colcon_core.package_discovery:discover_packages(colcon_meta) discover
[0.671s] Level 1:colcon.colcon_core.package_discovery:discover_packages(recursive) discover
[0.672s] INFO:colcon.colcon_core.package_discovery:Crawling recursively for packages in '/mnt/c/Users/lenovo/Desktop/vihang_ws'
[0.676s] Level 1:colcon.colcon_core.package_identification:_identify(.) by extensions ['ignore', 'ignore_ament_install']
[0.677s] Level 1:colcon.colcon_core.package_identification:_identify(.) by extension 'ignore'
[0.679s] Level 1:colcon.colcon_core.package_identification:_identify(.) by extension 'ignore_ament_install'
[0.681s] Level 1:colcon.colcon_core.package_identification:_identify(.) by extensions ['colcon_pkg']
[0.682s] Level 1:colcon.colcon_core.package_identification:_identify(.) by extension 'colcon_pkg'
[0.683s] Level 1:colcon.colcon_core.package_identification:_identify(.) by extensions ['colcon_meta']
[0.683s] Level 1:colcon.colcon_core.package_identification:_identify(.) by extension 'colcon_meta'
[0.684s] Level 1:colcon.colcon_core.package_identification:_identify(.) by extensions ['ros']
[0.684s] Level 1:colcon.colcon_core.package_identification:_identify(.) by extension 'ros'
[0.702s] Level 1:colcon.colcon_core.package_identification:_identify(.) by extensions ['cmake', 'python']
[0.703s] Level 1:colcon.colcon_core.package_identification:_identify(.) by extension 'cmake'
[0.704s] Level 1:colcon.colcon_core.package_identification:_identify(.) by extension 'python'
[0.705s] Level 1:colcon.colcon_core.package_identification:_identify(.) by extensions ['python_setup_py']
[0.705s] Level 1:colcon.colcon_core.package_identification:_identify(.) by extension 'python_setup_py'
[0.711s] Level 1:colcon.colcon_core.package_identification:_identify(build) by extensions ['ignore', 'ignore_ament_install']
[0.712s] Level 1:colcon.colcon_core.package_identification:_identify(build) by extension 'ignore'
[0.715s] Level 1:colcon.colcon_core.package_identification:_identify(build) ignored
[0.721s] Level 1:colcon.colcon_core.package_identification:_identify(install) by extensions ['ignore', 'ignore_ament_install']
[0.722s] Level 1:colcon.colcon_core.package_identification:_identify(install) by extension 'ignore'
[0.726s] Level 1:colcon.colcon_core.package_identification:_identify(install) ignored
[0.735s] Level 1:colcon.colcon_core.package_identification:_identify(log) by extensions ['ignore', 'ignore_ament_install']
[0.735s] Level 1:colcon.colcon_core.package_identification:_identify(log) by extension 'ignore'
[0.737s] Level 1:colcon.colcon_core.package_identification:_identify(log) ignored
[0.741s] Level 1:colcon.colcon_core.package_identification:_identify(src) by extensions ['ignore', 'ignore_ament_install']
[0.742s] Level 1:colcon.colcon_core.package_identification:_identify(src) by extension 'ignore'
[0.744s] Level 1:colcon.colcon_core.package_identification:_identify(src) by extension 'ignore_ament_install'
[0.748s] Level 1:colcon.colcon_core.package_identification:_identify(src) by extensions ['colcon_pkg']
[0.748s] Level 1:colcon.colcon_core.package_identification:_identify(src) by extension 'colcon_pkg'
[0.750s] Level 1:colcon.colcon_core.package_identification:_identify(src) by extensions ['colcon_meta']
[0.751s] Level 1:colcon.colcon_core.package_identification:_identify(src) by extension 'colcon_meta'
[0.752s] Level 1:colcon.colcon_core.package_identification:_identify(src) by extensions ['ros']
[0.753s] Level 1:colcon.colcon_core.package_identification:_identify(src) by extension 'ros'
[0.758s] Level 1:colcon.colcon_core.package_identification:_identify(src) by extensions ['cmake', 'python']
[0.758s] Level 1:colcon.colcon_core.package_identification:_identify(src) by extension 'cmake'
[0.760s] Level 1:colcon.colcon_core.package_identification:_identify(src) by extension 'python'
[0.763s] Level 1:colcon.colcon_core.package_identification:_identify(src) by extensions ['python_setup_py']
[0.763s] Level 1:colcon.colcon_core.package_identification:_identify(src) by extension 'python_setup_py'
[0.772s] Level 1:colcon.colcon_core.package_identification:_identify(src/vihang_description) by extensions ['ignore', 'ignore_ament_install']
[0.772s] Level 1:colcon.colcon_core.package_identification:_identify(src/vihang_description) by extension 'ignore'
[0.775s] Level 1:colcon.colcon_core.package_identification:_identify(src/vihang_description) by extension 'ignore_ament_install'
[0.779s] Level 1:colcon.colcon_core.package_identification:_identify(src/vihang_description) by extensions ['colcon_pkg']
[0.780s] Level 1:colcon.colcon_core.package_identification:_identify(src/vihang_description) by extension 'colcon_pkg'
[0.782s] Level 1:colcon.colcon_core.package_identification:_identify(src/vihang_description) by extensions ['colcon_meta']
[0.782s] Level 1:colcon.colcon_core.package_identification:_identify(src/vihang_description) by extension 'colcon_meta'
[0.785s] Level 1:colcon.colcon_core.package_identification:_identify(src/vihang_description) by extensions ['ros']
[0.785s] Level 1:colcon.colcon_core.package_identification:_identify(src/vihang_description) by extension 'ros'
[0.813s] DEBUG:colcon.colcon_core.package_identification:Package 'src/vihang_description' with type 'ros.ament_cmake' and name 'vihang_description'
[0.814s] Level 1:colcon.colcon_core.package_discovery:discover_packages(recursive) using defaults
[0.815s] Level 1:colcon.colcon_core.package_discovery:discover_packages(ignore) discover
[0.815s] Level 1:colcon.colcon_core.package_discovery:discover_packages(ignore) using defaults
[0.815s] Level 1:colcon.colcon_core.package_discovery:discover_packages(path) discover
[0.816s] Level 1:colcon.colcon_core.package_discovery:discover_packages(path) using defaults
[0.865s] Level 1:colcon.colcon_core.package_discovery:discover_packages(prefix_path) check parameters
[0.865s] Level 1:colcon.colcon_core.package_discovery:discover_packages(prefix_path) discover
[0.933s] DEBUG:colcon.colcon_installed_package_information.package_discovery:Found 1 installed packages in /mnt/c/Users/lenovo/Desktop/vihang_ws/install
[0.936s] DEBUG:colcon.colcon_installed_package_information.package_discovery:Found 296 installed packages in /opt/ros/humble
[0.939s] Level 1:colcon.colcon_core.package_discovery:discover_packages(prefix_path) using defaults
[1.020s] Level 5:colcon.colcon_core.verb:set package 'vihang_description' build argument 'cmake_args' from command line to 'None'
[1.021s] Level 5:colcon.colcon_core.verb:set package 'vihang_description' build argument 'cmake_target' from command line to 'None'
[1.021s] Level 5:colcon.colcon_core.verb:set package 'vihang_description' build argument 'cmake_target_skip_unavailable' from command line to 'False'
[1.022s] Level 5:colcon.colcon_core.verb:set package 'vihang_description' build argument 'cmake_clean_cache' from command line to 'False'
[1.022s] Level 5:colcon.colcon_core.verb:set package 'vihang_description' build argument 'cmake_clean_first' from command line to 'False'
[1.023s] Level 5:colcon.colcon_core.verb:set package 'vihang_description' build argument 'cmake_force_configure' from command line to 'False'
[1.023s] Level 5:colcon.colcon_core.verb:set package 'vihang_description' build argument 'ament_cmake_args' from command line to 'None'
[1.023s] Level 5:colcon.colcon_core.verb:set package 'vihang_description' build argument 'catkin_cmake_args' from command line to 'None'
[1.024s] Level 5:colcon.colcon_core.verb:set package 'vihang_description' build argument 'catkin_skip_building_tests' from command line to 'False'
[1.024s] DEBUG:colcon.colcon_core.verb:Building package 'vihang_description' with the following arguments: {'ament_cmake_args': None, 'build_base': '/mnt/c/Users/lenovo/Desktop/vihang_ws/build/vihang_description', 'catkin_cmake_args': None, 'catkin_skip_building_tests': False, 'cmake_args': None, 'cmake_clean_cache': False, 'cmake_clean_first': False, 'cmake_force_configure': False, 'cmake_target': None, 'cmake_target_skip_unavailable': False, 'install_base': '/mnt/c/Users/lenovo/Desktop/vihang_ws/install/vihang_description', 'merge_install': False, 'path': '/mnt/c/Users/lenovo/Desktop/vihang_ws/src/vihang_description', 'symlink_install': True, 'test_result_base': None}
[1.024s] INFO:colcon.colcon_core.executor:Executing jobs using 'parallel' executor
[1.026s] DEBUG:colcon.colcon_parallel_executor.executor.parallel:run_until_complete
[1.027s] INFO:colcon.colcon_ros.task.ament_cmake.build:Building ROS package in '/mnt/c/Users/lenovo/Desktop/vihang_ws/src/vihang_description' with build type 'ament_cmake'
[1.028s] INFO:colcon.colcon_cmake.task.cmake.build:Building CMake package in '/mnt/c/Users/lenovo/Desktop/vihang_ws/src/vihang_description'
[1.032s] INFO:colcon.colcon_core.plugin_system:Skipping extension 'colcon_core.shell.bat': Not used on non-Windows systems
[1.033s] INFO:colcon.colcon_core.shell:Skip shell extension 'powershell' for command environment: Not usable outside of PowerShell
[1.033s] DEBUG:colcon.colcon_core.shell:Skip shell extension 'dsv' for command environment
[1.179s] DEBUG:colcon.colcon_core.event_handler.log_command:Invoking command in '/mnt/c/Users/lenovo/Desktop/vihang_ws/build/vihang_description': CMAKE_PREFIX_PATH=${CMAKE_PREFIX_PATH}:/opt/ros/humble /usr/bin/cmake --build /mnt/c/Users/lenovo/Desktop/vihang_ws/build/vihang_description -- -j8 -l8
[5.547s] DEBUG:colcon.colcon_core.event_handler.log_command:Invoked command in '/mnt/c/Users/lenovo/Desktop/vihang_ws/build/vihang_description' returned '0': CMAKE_PREFIX_PATH=${CMAKE_PREFIX_PATH}:/opt/ros/humble /usr/bin/cmake --build /mnt/c/Users/lenovo/Desktop/vihang_ws/build/vihang_description -- -j8 -l8
[5.592s] DEBUG:colcon.colcon_core.event_handler.log_command:Invoking command in '/mnt/c/Users/lenovo/Desktop/vihang_ws/build/vihang_description': CMAKE_PREFIX_PATH=${CMAKE_PREFIX_PATH}:/opt/ros/humble /usr/bin/cmake --install /mnt/c/Users/lenovo/Desktop/vihang_ws/build/vihang_description
[6.502s] Level 1:colcon.colcon_core.environment:create_environment_scripts_only(vihang_description)
[6.505s] Level 1:colcon.colcon_core.environment:checking '/mnt/c/Users/lenovo/Desktop/vihang_ws/install/vihang_description' for CMake module files
[6.511s] DEBUG:colcon.colcon_core.event_handler.log_command:Invoked command in '/mnt/c/Users/lenovo/Desktop/vihang_ws/build/vihang_description' returned '0': CMAKE_PREFIX_PATH=${CMAKE_PREFIX_PATH}:/opt/ros/humble /usr/bin/cmake --install /mnt/c/Users/lenovo/Desktop/vihang_ws/build/vihang_description
[6.655s] Level 1:colcon.colcon_core.environment:checking '/mnt/c/Users/lenovo/Desktop/vihang_ws/install/vihang_description' for CMake config files
[6.786s] Level 1:colcon.colcon_core.shell:create_environment_hook('vihang_description', 'cmake_prefix_path')
[6.787s] INFO:colcon.colcon_core.shell:Creating environment hook '/mnt/c/Users/lenovo/Desktop/vihang_ws/install/vihang_description/share/vihang_description/hook/cmake_prefix_path.ps1'
[6.809s] INFO:colcon.colcon_core.shell:Creating environment descriptor '/mnt/c/Users/lenovo/Desktop/vihang_ws/install/vihang_description/share/vihang_description/hook/cmake_prefix_path.dsv'
[6.831s] INFO:colcon.colcon_core.shell:Creating environment hook '/mnt/c/Users/lenovo/Desktop/vihang_ws/install/vihang_description/share/vihang_description/hook/cmake_prefix_path.sh'
[6.858s] Level 1:colcon.colcon_core.environment:checking '/mnt/c/Users/lenovo/Desktop/vihang_ws/install/vihang_description/bin'
[6.860s] Level 1:colcon.colcon_core.environment:checking '/mnt/c/Users/lenovo/Desktop/vihang_ws/install/vihang_description/lib/pkgconfig/vihang_description.pc'
[6.861s] Level 1:colcon.colcon_core.environment:checking '/mnt/c/Users/lenovo/Desktop/vihang_ws/install/vihang_description/lib/python3.10/site-packages'
[6.864s] Level 1:colcon.colcon_core.environment:checking '/mnt/c/Users/lenovo/Desktop/vihang_ws/install/vihang_description/bin'
[6.866s] INFO:colcon.colcon_core.shell:Creating package script '/mnt/c/Users/lenovo/Desktop/vihang_ws/install/vihang_description/share/vihang_description/package.ps1'
[6.885s] INFO:colcon.colcon_core.shell:Creating package descriptor '/mnt/c/Users/lenovo/Desktop/vihang_ws/install/vihang_description/share/vihang_description/package.dsv'
[6.910s] INFO:colcon.colcon_core.shell:Creating package script '/mnt/c/Users/lenovo/Desktop/vihang_ws/install/vihang_description/share/vihang_description/package.sh'
[6.930s] INFO:colcon.colcon_core.shell:Creating package script '/mnt/c/Users/lenovo/Desktop/vihang_ws/install/vihang_description/share/vihang_description/package.bash'
[6.949s] INFO:colcon.colcon_core.shell:Creating package script '/mnt/c/Users/lenovo/Desktop/vihang_ws/install/vihang_description/share/vihang_description/package.zsh'
[6.967s] Level 1:colcon.colcon_core.environment:create_file_with_runtime_dependencies(/mnt/c/Users/lenovo/Desktop/vihang_ws/install/vihang_description/share/colcon-core/packages/vihang_description)
[7.007s] Level 1:colcon.colcon_core.environment:create_environment_scripts_only(vihang_description)
[7.008s] Level 1:colcon.colcon_core.environment:checking '/mnt/c/Users/lenovo/Desktop/vihang_ws/install/vihang_description' for CMake module files
[7.179s] Level 1:colcon.colcon_core.environment:checking '/mnt/c/Users/lenovo/Desktop/vihang_ws/install/vihang_description' for CMake config files
[7.446s] Level 1:colcon.colcon_core.shell:create_environment_hook('vihang_description', 'cmake_prefix_path')
[7.447s] INFO:colcon.colcon_core.shell:Creating environment hook '/mnt/c/Users/lenovo/Desktop/vihang_ws/install/vihang_description/share/vihang_description/hook/cmake_prefix_path.ps1'
[7.489s] INFO:colcon.colcon_core.shell:Creating environment descriptor '/mnt/c/Users/lenovo/Desktop/vihang_ws/install/vihang_description/share/vihang_description/hook/cmake_prefix_path.dsv'
[7.524s] INFO:colcon.colcon_core.shell:Creating environment hook '/mnt/c/Users/lenovo/Desktop/vihang_ws/install/vihang_description/share/vihang_description/hook/cmake_prefix_path.sh'
[7.558s] Level 1:colcon.colcon_core.environment:checking '/mnt/c/Users/lenovo/Desktop/vihang_ws/install/vihang_description/bin'
[7.561s] Level 1:colcon.colcon_core.environment:checking '/mnt/c/Users/lenovo/Desktop/vihang_ws/install/vihang_description/lib/pkgconfig/vihang_description.pc'
[7.565s] Level 1:colcon.colcon_core.environment:checking '/mnt/c/Users/lenovo/Desktop/vihang_ws/install/vihang_description/lib/python3.10/site-packages'
[7.568s] Level 1:colcon.colcon_core.environment:checking '/mnt/c/Users/lenovo/Desktop/vihang_ws/install/vihang_description/bin'
[7.571s] INFO:colcon.colcon_core.shell:Creating package script '/mnt/c/Users/lenovo/Desktop/vihang_ws/install/vihang_description/share/vihang_description/package.ps1'
[7.600s] INFO:colcon.colcon_core.shell:Creating package descriptor '/mnt/c/Users/lenovo/Desktop/vihang_ws/install/vihang_description/share/vihang_description/package.dsv'
[7.629s] INFO:colcon.colcon_core.shell:Creating package script '/mnt/c/Users/lenovo/Desktop/vihang_ws/install/vihang_description/share/vihang_description/package.sh'
[7.658s] INFO:colcon.colcon_core.shell:Creating package script '/mnt/c/Users/lenovo/Desktop/vihang_ws/install/vihang_description/share/vihang_description/package.bash'
[7.686s] INFO:colcon.colcon_core.shell:Creating package script '/mnt/c/Users/lenovo/Desktop/vihang_ws/install/vihang_description/share/vihang_description/package.zsh'
[7.717s] Level 1:colcon.colcon_core.environment:create_file_with_runtime_dependencies(/mnt/c/Users/lenovo/Desktop/vihang_ws/install/vihang_description/share/colcon-core/packages/vihang_description)
[7.736s] DEBUG:colcon.colcon_parallel_executor.executor.parallel:closing loop
[7.737s] DEBUG:colcon.colcon_parallel_executor.executor.parallel:loop closed
[7.738s] DEBUG:colcon.colcon_parallel_executor.executor.parallel:run_until_complete finished with '0'
[7.738s] DEBUG:colcon.colcon_core.event_reactor:joining thread
[7.817s] INFO:colcon.colcon_core.plugin_system:Skipping extension 'colcon_notification.desktop_notification.notify_send': Could not find 'notify-send'
[7.817s] INFO:colcon.colcon_core.plugin_system:Skipping extension 'colcon_notification.desktop_notification.terminal_notifier': Not used on non-Darwin systems
[7.818s] INFO:colcon.colcon_core.plugin_system:Skipping extension 'colcon_notification.desktop_notification.win32': Not used on non-Windows systems
[7.818s] INFO:colcon.colcon_notification.desktop_notification:Sending desktop notification using 'notify2'
[7.818s] DEBUG:colcon.colcon_notification.desktop_notification.notify2:Failed to initialize notify2: org.freedesktop.DBus.Error.FileNotFound: Failed to connect to socket /run/user/1000/bus: No such file or directory
[7.819s] DEBUG:colcon.colcon_core.event_reactor:joined thread
[7.820s] INFO:colcon.colcon_core.shell:Creating prefix script '/mnt/c/Users/lenovo/Desktop/vihang_ws/install/local_setup.ps1'
[7.830s] INFO:colcon.colcon_core.shell:Creating prefix util module '/mnt/c/Users/lenovo/Desktop/vihang_ws/install/_local_setup_util_ps1.py'
[7.840s] INFO:colcon.colcon_core.shell:Creating prefix chain script '/mnt/c/Users/lenovo/Desktop/vihang_ws/install/setup.ps1'
[7.865s] INFO:colcon.colcon_core.shell:Creating prefix script '/mnt/c/Users/lenovo/Desktop/vihang_ws/install/local_setup.sh'
[7.875s] INFO:colcon.colcon_core.shell:Creating prefix util module '/mnt/c/Users/lenovo/Desktop/vihang_ws/install/_local_setup_util_sh.py'
[7.884s] INFO:colcon.colcon_core.shell:Creating prefix chain script '/mnt/c/Users/lenovo/Desktop/vihang_ws/install/setup.sh'
[7.913s] INFO:colcon.colcon_core.shell:Creating prefix script '/mnt/c/Users/lenovo/Desktop/vihang_ws/install/local_setup.bash'
[7.924s] INFO:colcon.colcon_core.shell:Creating prefix chain script '/mnt/c/Users/lenovo/Desktop/vihang_ws/install/setup.bash'
[7.951s] INFO:colcon.colcon_core.shell:Creating prefix script '/mnt/c/Users/lenovo/Desktop/vihang_ws/install/local_setup.zsh'
[7.961s] INFO:colcon.colcon_core.shell:Creating prefix chain script '/mnt/c/Users/lenovo/Desktop/vihang_ws/install/setup.zsh'
