[0.318s] DEBUG:colcon:Command line arguments: ['/usr/bin/colcon', 'build', '--symlink-install']
[0.319s] DEBUG:colcon:Parsed command line arguments: Namespace(log_base=None, log_level=None, verb_name='build', build_base='build', install_base='install', merge_install=False, symlink_install=True, test_result_base=None, continue_on_error=False, executor='parallel', parallel_workers=8, event_handlers=None, ignore_user_meta=False, metas=['./colcon.meta'], base_paths=['.'], packages_ignore=None, packages_ignore_regex=None, paths=None, packages_up_to=None, packages_up_to_regex=None, packages_above=None, packages_above_and_dependencies=None, packages_above_depth=None, packages_select_by_dep=None, packages_skip_by_dep=None, packages_skip_up_to=None, packages_select_build_failed=False, packages_skip_build_finished=False, packages_select_test_failures=False, packages_skip_test_passed=False, packages_select=None, packages_skip=None, packages_select_regex=None, packages_skip_regex=None, packages_start=None, packages_end=None, allow_overriding=[], cmake_args=None, cmake_target=None, cmake_target_skip_unavailable=False, cmake_clean_cache=False, cmake_clean_first=False, cmake_force_configure=False, ament_cmake_args=None, catkin_cmake_args=None, catkin_skip_building_tests=False, verb_parser=<colcon_defaults.argument_parser.defaults.DefaultArgumentsDecorator object at 0x79c74a733820>, verb_extension=<colcon_core.verb.build.BuildVerb object at 0x79c74a733310>, main=<bound method BuildVerb.main of <colcon_core.verb.build.BuildVerb object at 0x79c74a733310>>)
[0.648s] Level 1:colcon.colcon_core.package_discovery:discover_packages(colcon_meta) check parameters
[0.649s] Level 1:colcon.colcon_core.package_discovery:discover_packages(recursive) check parameters
[0.650s] Level 1:colcon.colcon_core.package_discovery:discover_packages(ignore) check parameters
[0.651s] Level 1:colcon.colcon_core.package_discovery:discover_packages(path) check parameters
[0.651s] Level 1:colcon.colcon_core.package_discovery:discover_packages(colcon_meta) discover
[0.652s] Level 1:colcon.colcon_core.package_discovery:discover_packages(recursive) discover
[0.653s] INFO:colcon.colcon_core.package_discovery:Crawling recursively for packages in '/mnt/c/Users/lenovo/Desktop/vihang_ws'
[0.658s] Level 1:colcon.colcon_core.package_identification:_identify(.) by extensions ['ignore', 'ignore_ament_install']
[0.659s] Level 1:colcon.colcon_core.package_identification:_identify(.) by extension 'ignore'
[0.660s] Level 1:colcon.colcon_core.package_identification:_identify(.) by extension 'ignore_ament_install'
[0.661s] Level 1:colcon.colcon_core.package_identification:_identify(.) by extensions ['colcon_pkg']
[0.662s] Level 1:colcon.colcon_core.package_identification:_identify(.) by extension 'colcon_pkg'
[0.663s] Level 1:colcon.colcon_core.package_identification:_identify(.) by extensions ['colcon_meta']
[0.664s] Level 1:colcon.colcon_core.package_identification:_identify(.) by extension 'colcon_meta'
[0.664s] Level 1:colcon.colcon_core.package_identification:_identify(.) by extensions ['ros']
[0.665s] Level 1:colcon.colcon_core.package_identification:_identify(.) by extension 'ros'
[0.686s] Level 1:colcon.colcon_core.package_identification:_identify(.) by extensions ['cmake', 'python']
[0.687s] Level 1:colcon.colcon_core.package_identification:_identify(.) by extension 'cmake'
[0.688s] Level 1:colcon.colcon_core.package_identification:_identify(.) by extension 'python'
[0.689s] Level 1:colcon.colcon_core.package_identification:_identify(.) by extensions ['python_setup_py']
[0.689s] Level 1:colcon.colcon_core.package_identification:_identify(.) by extension 'python_setup_py'
[0.694s] Level 1:colcon.colcon_core.package_identification:_identify(build) by extensions ['ignore', 'ignore_ament_install']
[0.695s] Level 1:colcon.colcon_core.package_identification:_identify(build) by extension 'ignore'
[0.697s] Level 1:colcon.colcon_core.package_identification:_identify(build) ignored
[0.702s] Level 1:colcon.colcon_core.package_identification:_identify(install) by extensions ['ignore', 'ignore_ament_install']
[0.702s] Level 1:colcon.colcon_core.package_identification:_identify(install) by extension 'ignore'
[0.704s] Level 1:colcon.colcon_core.package_identification:_identify(install) ignored
[0.711s] Level 1:colcon.colcon_core.package_identification:_identify(log) by extensions ['ignore', 'ignore_ament_install']
[0.711s] Level 1:colcon.colcon_core.package_identification:_identify(log) by extension 'ignore'
[0.713s] Level 1:colcon.colcon_core.package_identification:_identify(log) ignored
[0.716s] Level 1:colcon.colcon_core.package_identification:_identify(src) by extensions ['ignore', 'ignore_ament_install']
[0.717s] Level 1:colcon.colcon_core.package_identification:_identify(src) by extension 'ignore'
[0.718s] Level 1:colcon.colcon_core.package_identification:_identify(src) by extension 'ignore_ament_install'
[0.720s] Level 1:colcon.colcon_core.package_identification:_identify(src) by extensions ['colcon_pkg']
[0.721s] Level 1:colcon.colcon_core.package_identification:_identify(src) by extension 'colcon_pkg'
[0.722s] Level 1:colcon.colcon_core.package_identification:_identify(src) by extensions ['colcon_meta']
[0.723s] Level 1:colcon.colcon_core.package_identification:_identify(src) by extension 'colcon_meta'
[0.724s] Level 1:colcon.colcon_core.package_identification:_identify(src) by extensions ['ros']
[0.724s] Level 1:colcon.colcon_core.package_identification:_identify(src) by extension 'ros'
[0.729s] Level 1:colcon.colcon_core.package_identification:_identify(src) by extensions ['cmake', 'python']
[0.729s] Level 1:colcon.colcon_core.package_identification:_identify(src) by extension 'cmake'
[0.730s] Level 1:colcon.colcon_core.package_identification:_identify(src) by extension 'python'
[0.733s] Level 1:colcon.colcon_core.package_identification:_identify(src) by extensions ['python_setup_py']
[0.733s] Level 1:colcon.colcon_core.package_identification:_identify(src) by extension 'python_setup_py'
[0.748s] Level 1:colcon.colcon_core.package_identification:_identify(src/vihang_description) by extensions ['ignore', 'ignore_ament_install']
[0.748s] Level 1:colcon.colcon_core.package_identification:_identify(src/vihang_description) by extension 'ignore'
[0.752s] Level 1:colcon.colcon_core.package_identification:_identify(src/vihang_description) by extension 'ignore_ament_install'
[0.759s] Level 1:colcon.colcon_core.package_identification:_identify(src/vihang_description) by extensions ['colcon_pkg']
[0.759s] Level 1:colcon.colcon_core.package_identification:_identify(src/vihang_description) by extension 'colcon_pkg'
[0.763s] Level 1:colcon.colcon_core.package_identification:_identify(src/vihang_description) by extensions ['colcon_meta']
[0.764s] Level 1:colcon.colcon_core.package_identification:_identify(src/vihang_description) by extension 'colcon_meta'
[0.769s] Level 1:colcon.colcon_core.package_identification:_identify(src/vihang_description) by extensions ['ros']
[0.769s] Level 1:colcon.colcon_core.package_identification:_identify(src/vihang_description) by extension 'ros'
[0.803s] DEBUG:colcon.colcon_core.package_identification:Package 'src/vihang_description' with type 'ros.ament_cmake' and name 'vihang_description'
[0.804s] Level 1:colcon.colcon_core.package_discovery:discover_packages(recursive) using defaults
[0.805s] Level 1:colcon.colcon_core.package_discovery:discover_packages(ignore) discover
[0.805s] Level 1:colcon.colcon_core.package_discovery:discover_packages(ignore) using defaults
[0.806s] Level 1:colcon.colcon_core.package_discovery:discover_packages(path) discover
[0.806s] Level 1:colcon.colcon_core.package_discovery:discover_packages(path) using defaults
[0.852s] Level 1:colcon.colcon_core.package_discovery:discover_packages(prefix_path) check parameters
[0.853s] Level 1:colcon.colcon_core.package_discovery:discover_packages(prefix_path) discover
[0.929s] DEBUG:colcon.colcon_installed_package_information.package_discovery:Found 1 installed packages in /mnt/c/Users/lenovo/Desktop/vihang_ws/install
[0.931s] DEBUG:colcon.colcon_installed_package_information.package_discovery:Found 296 installed packages in /opt/ros/humble
[0.934s] Level 1:colcon.colcon_core.package_discovery:discover_packages(prefix_path) using defaults
[1.020s] Level 5:colcon.colcon_core.verb:set package 'vihang_description' build argument 'cmake_args' from command line to 'None'
[1.021s] Level 5:colcon.colcon_core.verb:set package 'vihang_description' build argument 'cmake_target' from command line to 'None'
[1.021s] Level 5:colcon.colcon_core.verb:set package 'vihang_description' build argument 'cmake_target_skip_unavailable' from command line to 'False'
[1.022s] Level 5:colcon.colcon_core.verb:set package 'vihang_description' build argument 'cmake_clean_cache' from command line to 'False'
[1.023s] Level 5:colcon.colcon_core.verb:set package 'vihang_description' build argument 'cmake_clean_first' from command line to 'False'
[1.023s] Level 5:colcon.colcon_core.verb:set package 'vihang_description' build argument 'cmake_force_configure' from command line to 'False'
[1.023s] Level 5:colcon.colcon_core.verb:set package 'vihang_description' build argument 'ament_cmake_args' from command line to 'None'
[1.024s] Level 5:colcon.colcon_core.verb:set package 'vihang_description' build argument 'catkin_cmake_args' from command line to 'None'
[1.024s] Level 5:colcon.colcon_core.verb:set package 'vihang_description' build argument 'catkin_skip_building_tests' from command line to 'False'
[1.025s] DEBUG:colcon.colcon_core.verb:Building package 'vihang_description' with the following arguments: {'ament_cmake_args': None, 'build_base': '/mnt/c/Users/lenovo/Desktop/vihang_ws/build/vihang_description', 'catkin_cmake_args': None, 'catkin_skip_building_tests': False, 'cmake_args': None, 'cmake_clean_cache': False, 'cmake_clean_first': False, 'cmake_force_configure': False, 'cmake_target': None, 'cmake_target_skip_unavailable': False, 'install_base': '/mnt/c/Users/lenovo/Desktop/vihang_ws/install/vihang_description', 'merge_install': False, 'path': '/mnt/c/Users/lenovo/Desktop/vihang_ws/src/vihang_description', 'symlink_install': True, 'test_result_base': None}
[1.026s] INFO:colcon.colcon_core.executor:Executing jobs using 'parallel' executor
[1.028s] DEBUG:colcon.colcon_parallel_executor.executor.parallel:run_until_complete
[1.028s] INFO:colcon.colcon_ros.task.ament_cmake.build:Building ROS package in '/mnt/c/Users/lenovo/Desktop/vihang_ws/src/vihang_description' with build type 'ament_cmake'
[1.029s] INFO:colcon.colcon_cmake.task.cmake.build:Building CMake package in '/mnt/c/Users/lenovo/Desktop/vihang_ws/src/vihang_description'
[1.033s] INFO:colcon.colcon_core.plugin_system:Skipping extension 'colcon_core.shell.bat': Not used on non-Windows systems
[1.033s] INFO:colcon.colcon_core.shell:Skip shell extension 'powershell' for command environment: Not usable outside of PowerShell
[1.034s] DEBUG:colcon.colcon_core.shell:Skip shell extension 'dsv' for command environment
[1.194s] DEBUG:colcon.colcon_core.event_handler.log_command:Invoking command in '/mnt/c/Users/lenovo/Desktop/vihang_ws/build/vihang_description': CMAKE_PREFIX_PATH=${CMAKE_PREFIX_PATH}:/opt/ros/humble /usr/bin/cmake --build /mnt/c/Users/lenovo/Desktop/vihang_ws/build/vihang_description -- -j8 -l8
[1.304s] DEBUG:colcon.colcon_core.event_handler.log_command:Invoked command in '/mnt/c/Users/lenovo/Desktop/vihang_ws/build/vihang_description' returned '0': CMAKE_PREFIX_PATH=${CMAKE_PREFIX_PATH}:/opt/ros/humble /usr/bin/cmake --build /mnt/c/Users/lenovo/Desktop/vihang_ws/build/vihang_description -- -j8 -l8
[1.354s] DEBUG:colcon.colcon_core.event_handler.log_command:Invoking command in '/mnt/c/Users/lenovo/Desktop/vihang_ws/build/vihang_description': CMAKE_PREFIX_PATH=${CMAKE_PREFIX_PATH}:/opt/ros/humble /usr/bin/cmake --install /mnt/c/Users/lenovo/Desktop/vihang_ws/build/vihang_description
[2.332s] Level 1:colcon.colcon_core.environment:create_environment_scripts_only(vihang_description)
[2.335s] DEBUG:colcon.colcon_core.event_handler.log_command:Invoked command in '/mnt/c/Users/lenovo/Desktop/vihang_ws/build/vihang_description' returned '0': CMAKE_PREFIX_PATH=${CMAKE_PREFIX_PATH}:/opt/ros/humble /usr/bin/cmake --install /mnt/c/Users/lenovo/Desktop/vihang_ws/build/vihang_description
[2.337s] Level 1:colcon.colcon_core.environment:checking '/mnt/c/Users/lenovo/Desktop/vihang_ws/install/vihang_description' for CMake module files
[2.480s] Level 1:colcon.colcon_core.environment:checking '/mnt/c/Users/lenovo/Desktop/vihang_ws/install/vihang_description' for CMake config files
[2.653s] Level 1:colcon.colcon_core.shell:create_environment_hook('vihang_description', 'cmake_prefix_path')
[2.654s] INFO:colcon.colcon_core.shell:Creating environment hook '/mnt/c/Users/lenovo/Desktop/vihang_ws/install/vihang_description/share/vihang_description/hook/cmake_prefix_path.ps1'
[2.700s] INFO:colcon.colcon_core.shell:Creating environment descriptor '/mnt/c/Users/lenovo/Desktop/vihang_ws/install/vihang_description/share/vihang_description/hook/cmake_prefix_path.dsv'
[2.744s] INFO:colcon.colcon_core.shell:Creating environment hook '/mnt/c/Users/lenovo/Desktop/vihang_ws/install/vihang_description/share/vihang_description/hook/cmake_prefix_path.sh'
[2.790s] Level 1:colcon.colcon_core.environment:checking '/mnt/c/Users/lenovo/Desktop/vihang_ws/install/vihang_description/bin'
[2.793s] Level 1:colcon.colcon_core.environment:checking '/mnt/c/Users/lenovo/Desktop/vihang_ws/install/vihang_description/lib/pkgconfig/vihang_description.pc'
[2.798s] Level 1:colcon.colcon_core.environment:checking '/mnt/c/Users/lenovo/Desktop/vihang_ws/install/vihang_description/lib/python3.10/site-packages'
[2.802s] Level 1:colcon.colcon_core.environment:checking '/mnt/c/Users/lenovo/Desktop/vihang_ws/install/vihang_description/bin'
[2.807s] INFO:colcon.colcon_core.shell:Creating package script '/mnt/c/Users/lenovo/Desktop/vihang_ws/install/vihang_description/share/vihang_description/package.ps1'
[2.848s] INFO:colcon.colcon_core.shell:Creating package descriptor '/mnt/c/Users/lenovo/Desktop/vihang_ws/install/vihang_description/share/vihang_description/package.dsv'
[2.885s] INFO:colcon.colcon_core.shell:Creating package script '/mnt/c/Users/lenovo/Desktop/vihang_ws/install/vihang_description/share/vihang_description/package.sh'
[2.908s] INFO:colcon.colcon_core.shell:Creating package script '/mnt/c/Users/lenovo/Desktop/vihang_ws/install/vihang_description/share/vihang_description/package.bash'
[2.924s] INFO:colcon.colcon_core.shell:Creating package script '/mnt/c/Users/lenovo/Desktop/vihang_ws/install/vihang_description/share/vihang_description/package.zsh'
[2.939s] Level 1:colcon.colcon_core.environment:create_file_with_runtime_dependencies(/mnt/c/Users/lenovo/Desktop/vihang_ws/install/vihang_description/share/colcon-core/packages/vihang_description)
[2.976s] Level 1:colcon.colcon_core.environment:create_environment_scripts_only(vihang_description)
[2.977s] Level 1:colcon.colcon_core.environment:checking '/mnt/c/Users/lenovo/Desktop/vihang_ws/install/vihang_description' for CMake module files
[3.120s] Level 1:colcon.colcon_core.environment:checking '/mnt/c/Users/lenovo/Desktop/vihang_ws/install/vihang_description' for CMake config files
[3.261s] Level 1:colcon.colcon_core.shell:create_environment_hook('vihang_description', 'cmake_prefix_path')
[3.262s] INFO:colcon.colcon_core.shell:Creating environment hook '/mnt/c/Users/lenovo/Desktop/vihang_ws/install/vihang_description/share/vihang_description/hook/cmake_prefix_path.ps1'
[3.292s] INFO:colcon.colcon_core.shell:Creating environment descriptor '/mnt/c/Users/lenovo/Desktop/vihang_ws/install/vihang_description/share/vihang_description/hook/cmake_prefix_path.dsv'
[3.321s] INFO:colcon.colcon_core.shell:Creating environment hook '/mnt/c/Users/lenovo/Desktop/vihang_ws/install/vihang_description/share/vihang_description/hook/cmake_prefix_path.sh'
[3.352s] Level 1:colcon.colcon_core.environment:checking '/mnt/c/Users/lenovo/Desktop/vihang_ws/install/vihang_description/bin'
[3.354s] Level 1:colcon.colcon_core.environment:checking '/mnt/c/Users/lenovo/Desktop/vihang_ws/install/vihang_description/lib/pkgconfig/vihang_description.pc'
[3.357s] Level 1:colcon.colcon_core.environment:checking '/mnt/c/Users/lenovo/Desktop/vihang_ws/install/vihang_description/lib/python3.10/site-packages'
[3.361s] Level 1:colcon.colcon_core.environment:checking '/mnt/c/Users/lenovo/Desktop/vihang_ws/install/vihang_description/bin'
[3.364s] INFO:colcon.colcon_core.shell:Creating package script '/mnt/c/Users/lenovo/Desktop/vihang_ws/install/vihang_description/share/vihang_description/package.ps1'
[3.380s] INFO:colcon.colcon_core.shell:Creating package descriptor '/mnt/c/Users/lenovo/Desktop/vihang_ws/install/vihang_description/share/vihang_description/package.dsv'
[3.401s] INFO:colcon.colcon_core.shell:Creating package script '/mnt/c/Users/lenovo/Desktop/vihang_ws/install/vihang_description/share/vihang_description/package.sh'
[3.416s] INFO:colcon.colcon_core.shell:Creating package script '/mnt/c/Users/lenovo/Desktop/vihang_ws/install/vihang_description/share/vihang_description/package.bash'
[3.430s] INFO:colcon.colcon_core.shell:Creating package script '/mnt/c/Users/lenovo/Desktop/vihang_ws/install/vihang_description/share/vihang_description/package.zsh'
[3.446s] Level 1:colcon.colcon_core.environment:create_file_with_runtime_dependencies(/mnt/c/Users/lenovo/Desktop/vihang_ws/install/vihang_description/share/colcon-core/packages/vihang_description)
[3.462s] DEBUG:colcon.colcon_parallel_executor.executor.parallel:closing loop
[3.463s] DEBUG:colcon.colcon_parallel_executor.executor.parallel:loop closed
[3.463s] DEBUG:colcon.colcon_parallel_executor.executor.parallel:run_until_complete finished with '0'
[3.464s] DEBUG:colcon.colcon_core.event_reactor:joining thread
[3.529s] INFO:colcon.colcon_core.plugin_system:Skipping extension 'colcon_notification.desktop_notification.notify_send': Could not find 'notify-send'
[3.529s] INFO:colcon.colcon_core.plugin_system:Skipping extension 'colcon_notification.desktop_notification.terminal_notifier': Not used on non-Darwin systems
[3.530s] INFO:colcon.colcon_core.plugin_system:Skipping extension 'colcon_notification.desktop_notification.win32': Not used on non-Windows systems
[3.530s] INFO:colcon.colcon_notification.desktop_notification:Sending desktop notification using 'notify2'
[3.530s] DEBUG:colcon.colcon_notification.desktop_notification.notify2:Failed to initialize notify2: org.freedesktop.DBus.Error.FileNotFound: Failed to connect to socket /run/user/1000/bus: No such file or directory
[3.531s] DEBUG:colcon.colcon_core.event_reactor:joined thread
[3.531s] INFO:colcon.colcon_core.shell:Creating prefix script '/mnt/c/Users/lenovo/Desktop/vihang_ws/install/local_setup.ps1'
[3.538s] INFO:colcon.colcon_core.shell:Creating prefix util module '/mnt/c/Users/lenovo/Desktop/vihang_ws/install/_local_setup_util_ps1.py'
[3.549s] INFO:colcon.colcon_core.shell:Creating prefix chain script '/mnt/c/Users/lenovo/Desktop/vihang_ws/install/setup.ps1'
[3.570s] INFO:colcon.colcon_core.shell:Creating prefix script '/mnt/c/Users/lenovo/Desktop/vihang_ws/install/local_setup.sh'
[3.579s] INFO:colcon.colcon_core.shell:Creating prefix util module '/mnt/c/Users/lenovo/Desktop/vihang_ws/install/_local_setup_util_sh.py'
[3.587s] INFO:colcon.colcon_core.shell:Creating prefix chain script '/mnt/c/Users/lenovo/Desktop/vihang_ws/install/setup.sh'
[3.614s] INFO:colcon.colcon_core.shell:Creating prefix script '/mnt/c/Users/lenovo/Desktop/vihang_ws/install/local_setup.bash'
[3.623s] INFO:colcon.colcon_core.shell:Creating prefix chain script '/mnt/c/Users/lenovo/Desktop/vihang_ws/install/setup.bash'
[3.648s] INFO:colcon.colcon_core.shell:Creating prefix script '/mnt/c/Users/lenovo/Desktop/vihang_ws/install/local_setup.zsh'
[3.656s] INFO:colcon.colcon_core.shell:Creating prefix chain script '/mnt/c/Users/lenovo/Desktop/vihang_ws/install/setup.zsh'
