[0.148s] Invoking command in '/mnt/c/Users/lenovo/Desktop/vihang_ws/build/vihang_description': CMAKE_PREFIX_PATH=${CMAKE_PREFIX_PATH}:/opt/ros/humble /usr/bin/cmake --build /mnt/c/Users/lenovo/Desktop/vihang_ws/build/vihang_description -- -j8 -l8
[0.298s] -- Found ament_cmake: 1.3.12 (/opt/ros/humble/share/ament_cmake/cmake)
[0.545s] -- Override CMake install command with custom implementation using symlinks instead of copying resources
[0.700s] -- Found ament_lint_auto: 0.12.14 (/opt/ros/humble/share/ament_lint_auto/cmake)
[2.537s] -- Added test 'flake8' to check Python code syntax and style conventions
[2.714s] -- Added test 'lint_cmake' to check CMake code style
[2.805s] -- Added test 'pep257' to check Python code against some of the docstring style conventions in PEP 257
[3.587s] -- Added test 'xmllint' to check XML markup files
[3.783s] -- Configuring done
[4.249s] -- Generating done
[4.487s] -- Build files have been written to: /mnt/c/Users/lenovo/Desktop/vihang_ws/build/vihang_description
[4.516s] Invoked command in '/mnt/c/Users/lenovo/Desktop/vihang_ws/build/vihang_description' returned '0': CMAKE_PREFIX_PATH=${CMAKE_PREFIX_PATH}:/opt/ros/humble /usr/bin/cmake --build /mnt/c/Users/lenovo/Desktop/vihang_ws/build/vihang_description -- -j8 -l8
[4.561s] Invoking command in '/mnt/c/Users/lenovo/Desktop/vihang_ws/build/vihang_description': CMAKE_PREFIX_PATH=${CMAKE_PREFIX_PATH}:/opt/ros/humble /usr/bin/cmake --install /mnt/c/Users/lenovo/Desktop/vihang_ws/build/vihang_description
[4.575s] -- Install configuration: ""
[4.590s] -- Execute custom install script
[4.652s] -- Up-to-date symlink: /mnt/c/Users/lenovo/Desktop/vihang_ws/install/vihang_description/share/vihang_description/launch/display.launch.py
[4.716s] -- Up-to-date symlink: /mnt/c/Users/lenovo/Desktop/vihang_ws/install/vihang_description/share/vihang_description/meshes/body.stl
[4.768s] -- Up-to-date symlink: /mnt/c/Users/lenovo/Desktop/vihang_ws/install/vihang_description/share/vihang_description/meshes/rotor.stl
[4.810s] -- Up-to-date symlink: /mnt/c/Users/lenovo/Desktop/vihang_ws/install/vihang_description/share/vihang_description/meshes/wing.stl
[4.862s] -- Up-to-date symlink: /mnt/c/Users/lenovo/Desktop/vihang_ws/install/vihang_description/share/vihang_description/urdf/vihang.urdf.xacro
[4.926s] -- Up-to-date symlink: /mnt/c/Users/lenovo/Desktop/vihang_ws/install/vihang_description/share/ament_index/resource_index/package_run_dependencies/vihang_description
[4.994s] -- Up-to-date symlink: /mnt/c/Users/lenovo/Desktop/vihang_ws/install/vihang_description/share/ament_index/resource_index/parent_prefix_path/vihang_description
[5.021s] -- Up-to-date symlink: /mnt/c/Users/lenovo/Desktop/vihang_ws/install/vihang_description/share/vihang_description/environment/ament_prefix_path.sh
[5.056s] -- Up-to-date symlink: /mnt/c/Users/lenovo/Desktop/vihang_ws/install/vihang_description/share/vihang_description/environment/ament_prefix_path.dsv
[5.083s] -- Up-to-date symlink: /mnt/c/Users/lenovo/Desktop/vihang_ws/install/vihang_description/share/vihang_description/environment/path.sh
[5.122s] -- Up-to-date symlink: /mnt/c/Users/lenovo/Desktop/vihang_ws/install/vihang_description/share/vihang_description/environment/path.dsv
[5.153s] -- Up-to-date symlink: /mnt/c/Users/lenovo/Desktop/vihang_ws/install/vihang_description/share/vihang_description/local_setup.bash
[5.182s] -- Up-to-date symlink: /mnt/c/Users/lenovo/Desktop/vihang_ws/install/vihang_description/share/vihang_description/local_setup.sh
[5.210s] -- Up-to-date symlink: /mnt/c/Users/lenovo/Desktop/vihang_ws/install/vihang_description/share/vihang_description/local_setup.zsh
[5.238s] -- Up-to-date symlink: /mnt/c/Users/lenovo/Desktop/vihang_ws/install/vihang_description/share/vihang_description/local_setup.dsv
[5.254s] -- Symlinking: /mnt/c/Users/lenovo/Desktop/vihang_ws/install/vihang_description/share/vihang_description/package.dsv
[5.365s] -- Up-to-date symlink: /mnt/c/Users/lenovo/Desktop/vihang_ws/install/vihang_description/share/ament_index/resource_index/packages/vihang_description
[5.398s] -- Up-to-date symlink: /mnt/c/Users/lenovo/Desktop/vihang_ws/install/vihang_description/share/vihang_description/cmake/vihang_descriptionConfig.cmake
[5.429s] -- Up-to-date symlink: /mnt/c/Users/lenovo/Desktop/vihang_ws/install/vihang_description/share/vihang_description/cmake/vihang_descriptionConfig-version.cmake
[5.466s] -- Up-to-date symlink: /mnt/c/Users/lenovo/Desktop/vihang_ws/install/vihang_description/share/vihang_description/package.xml
[5.480s] Invoked command in '/mnt/c/Users/lenovo/Desktop/vihang_ws/build/vihang_description' returned '0': CMAKE_PREFIX_PATH=${CMAKE_PREFIX_PATH}:/opt/ros/humble /usr/bin/cmake --install /mnt/c/Users/lenovo/Desktop/vihang_ws/build/vihang_description
