[0.129s] Invoking command in '/mnt/c/Users/lenovo/Desktop/vihang_ws/build/vihang_description': CMAKE_PREFIX_PATH=/opt/ros/humble /usr/bin/cmake --build /mnt/c/Users/lenovo/Desktop/vihang_ws/build/vihang_description -- -j8 -l8
[0.253s] Invoked command in '/mnt/c/Users/lenovo/Desktop/vihang_ws/build/vihang_description' returned '0': CMAKE_PREFIX_PATH=/opt/ros/humble /usr/bin/cmake --build /mnt/c/Users/lenovo/Desktop/vihang_ws/build/vihang_description -- -j8 -l8
[0.303s] Invoking command in '/mnt/c/Users/lenovo/Desktop/vihang_ws/build/vihang_description': CMAKE_PREFIX_PATH=/opt/ros/humble /usr/bin/cmake --install /mnt/c/Users/lenovo/Desktop/vihang_ws/build/vihang_description
[0.323s] -- Install configuration: ""
[0.339s] -- Execute custom install script
[0.403s] -- Up-to-date symlink: /mnt/c/Users/lenovo/Desktop/vihang_ws/install/vihang_description/share/vihang_description/launch/display.launch.py
[0.451s] -- Up-to-date symlink: /mnt/c/Users/lenovo/Desktop/vihang_ws/install/vihang_description/share/vihang_description/launch/gazebo.launch.py
[0.516s] -- Up-to-date symlink: /mnt/c/Users/lenovo/Desktop/vihang_ws/install/vihang_description/share/vihang_description/meshes/body.stl
[0.564s] -- Up-to-date symlink: /mnt/c/Users/lenovo/Desktop/vihang_ws/install/vihang_description/share/vihang_description/meshes/rotor.stl
[0.601s] -- Up-to-date symlink: /mnt/c/Users/lenovo/Desktop/vihang_ws/install/vihang_description/share/vihang_description/meshes/wing.stl
[0.672s] -- Up-to-date symlink: /mnt/c/Users/lenovo/Desktop/vihang_ws/install/vihang_description/share/vihang_description/urdf/vihang.urdf.xacro
[0.759s] -- Up-to-date symlink: /mnt/c/Users/lenovo/Desktop/vihang_ws/install/vihang_description/share/ament_index/resource_index/package_run_dependencies/vihang_description
[0.842s] -- Up-to-date symlink: /mnt/c/Users/lenovo/Desktop/vihang_ws/install/vihang_description/share/ament_index/resource_index/parent_prefix_path/vihang_description
[0.882s] -- Up-to-date symlink: /mnt/c/Users/lenovo/Desktop/vihang_ws/install/vihang_description/share/vihang_description/environment/ament_prefix_path.sh
[0.929s] -- Up-to-date symlink: /mnt/c/Users/lenovo/Desktop/vihang_ws/install/vihang_description/share/vihang_description/environment/ament_prefix_path.dsv
[0.959s] -- Up-to-date symlink: /mnt/c/Users/lenovo/Desktop/vihang_ws/install/vihang_description/share/vihang_description/environment/path.sh
[0.996s] -- Up-to-date symlink: /mnt/c/Users/lenovo/Desktop/vihang_ws/install/vihang_description/share/vihang_description/environment/path.dsv
[1.027s] -- Up-to-date symlink: /mnt/c/Users/lenovo/Desktop/vihang_ws/install/vihang_description/share/vihang_description/local_setup.bash
[1.057s] -- Up-to-date symlink: /mnt/c/Users/lenovo/Desktop/vihang_ws/install/vihang_description/share/vihang_description/local_setup.sh
[1.086s] -- Up-to-date symlink: /mnt/c/Users/lenovo/Desktop/vihang_ws/install/vihang_description/share/vihang_description/local_setup.zsh
[1.117s] -- Up-to-date symlink: /mnt/c/Users/lenovo/Desktop/vihang_ws/install/vihang_description/share/vihang_description/local_setup.dsv
[1.135s] -- Symlinking: /mnt/c/Users/lenovo/Desktop/vihang_ws/install/vihang_description/share/vihang_description/package.dsv
[1.255s] -- Up-to-date symlink: /mnt/c/Users/lenovo/Desktop/vihang_ws/install/vihang_description/share/ament_index/resource_index/packages/vihang_description
[1.292s] -- Up-to-date symlink: /mnt/c/Users/lenovo/Desktop/vihang_ws/install/vihang_description/share/vihang_description/cmake/vihang_descriptionConfig.cmake
[1.328s] -- Up-to-date symlink: /mnt/c/Users/lenovo/Desktop/vihang_ws/install/vihang_description/share/vihang_description/cmake/vihang_descriptionConfig-version.cmake
[1.364s] -- Up-to-date symlink: /mnt/c/Users/lenovo/Desktop/vihang_ws/install/vihang_description/share/vihang_description/package.xml
[1.379s] Invoked command in '/mnt/c/Users/lenovo/Desktop/vihang_ws/build/vihang_description' returned '0': CMAKE_PREFIX_PATH=/opt/ros/humble /usr/bin/cmake --install /mnt/c/Users/lenovo/Desktop/vihang_ws/build/vihang_description
