[0.295s] DEBUG:colcon:Command line arguments: ['/usr/bin/colcon', 'build', '--symlink-install']
[0.296s] DEBUG:colcon:Parsed command line arguments: Namespace(log_base=None, log_level=None, verb_name='build', build_base='build', install_base='install', merge_install=False, symlink_install=True, test_result_base=None, continue_on_error=False, executor='parallel', parallel_workers=8, event_handlers=None, ignore_user_meta=False, metas=['./colcon.meta'], base_paths=['.'], packages_ignore=None, packages_ignore_regex=None, paths=None, packages_up_to=None, packages_up_to_regex=None, packages_above=None, packages_above_and_dependencies=None, packages_above_depth=None, packages_select_by_dep=None, packages_skip_by_dep=None, packages_skip_up_to=None, packages_select_build_failed=False, packages_skip_build_finished=False, packages_select_test_failures=False, packages_skip_test_passed=False, packages_select=None, packages_skip=None, packages_select_regex=None, packages_skip_regex=None, packages_start=None, packages_end=None, allow_overriding=[], cmake_args=None, cmake_target=None, cmake_target_skip_unavailable=False, cmake_clean_cache=False, cmake_clean_first=False, cmake_force_configure=False, ament_cmake_args=None, catkin_cmake_args=None, catkin_skip_building_tests=False, verb_parser=<colcon_defaults.argument_parser.defaults.DefaultArgumentsDecorator object at 0x7f0e0c92f820>, verb_extension=<colcon_core.verb.build.BuildVerb object at 0x7f0e0c92f310>, main=<bound method BuildVerb.main of <colcon_core.verb.build.BuildVerb object at 0x7f0e0c92f310>>)
[0.621s] Level 1:colcon.colcon_core.package_discovery:discover_packages(colcon_meta) check parameters
[0.622s] Level 1:colcon.colcon_core.package_discovery:discover_packages(recursive) check parameters
[0.623s] Level 1:colcon.colcon_core.package_discovery:discover_packages(ignore) check parameters
[0.623s] Level 1:colcon.colcon_core.package_discovery:discover_packages(path) check parameters
[0.623s] Level 1:colcon.colcon_core.package_discovery:discover_packages(colcon_meta) discover
[0.624s] Level 1:colcon.colcon_core.package_discovery:discover_packages(recursive) discover
[0.624s] INFO:colcon.colcon_core.package_discovery:Crawling recursively for packages in '/mnt/c/Users/lenovo/Desktop/vihang_ws'
[0.627s] Level 1:colcon.colcon_core.package_identification:_identify(.) by extensions ['ignore', 'ignore_ament_install']
[0.628s] Level 1:colcon.colcon_core.package_identification:_identify(.) by extension 'ignore'
[0.628s] Level 1:colcon.colcon_core.package_identification:_identify(.) by extension 'ignore_ament_install'
[0.630s] Level 1:colcon.colcon_core.package_identification:_identify(.) by extensions ['colcon_pkg']
[0.630s] Level 1:colcon.colcon_core.package_identification:_identify(.) by extension 'colcon_pkg'
[0.631s] Level 1:colcon.colcon_core.package_identification:_identify(.) by extensions ['colcon_meta']
[0.632s] Level 1:colcon.colcon_core.package_identification:_identify(.) by extension 'colcon_meta'
[0.632s] Level 1:colcon.colcon_core.package_identification:_identify(.) by extensions ['ros']
[0.633s] Level 1:colcon.colcon_core.package_identification:_identify(.) by extension 'ros'
[0.646s] Level 1:colcon.colcon_core.package_identification:_identify(.) by extensions ['cmake', 'python']
[0.646s] Level 1:colcon.colcon_core.package_identification:_identify(.) by extension 'cmake'
[0.647s] Level 1:colcon.colcon_core.package_identification:_identify(.) by extension 'python'
[0.648s] Level 1:colcon.colcon_core.package_identification:_identify(.) by extensions ['python_setup_py']
[0.648s] Level 1:colcon.colcon_core.package_identification:_identify(.) by extension 'python_setup_py'
[0.653s] Level 1:colcon.colcon_core.package_identification:_identify(build) by extensions ['ignore', 'ignore_ament_install']
[0.653s] Level 1:colcon.colcon_core.package_identification:_identify(build) by extension 'ignore'
[0.656s] Level 1:colcon.colcon_core.package_identification:_identify(build) ignored
[0.660s] Level 1:colcon.colcon_core.package_identification:_identify(install) by extensions ['ignore', 'ignore_ament_install']
[0.661s] Level 1:colcon.colcon_core.package_identification:_identify(install) by extension 'ignore'
[0.663s] Level 1:colcon.colcon_core.package_identification:_identify(install) ignored
[0.673s] Level 1:colcon.colcon_core.package_identification:_identify(log) by extensions ['ignore', 'ignore_ament_install']
[0.674s] Level 1:colcon.colcon_core.package_identification:_identify(log) by extension 'ignore'
[0.677s] Level 1:colcon.colcon_core.package_identification:_identify(log) ignored
[0.688s] Level 1:colcon.colcon_core.package_identification:_identify(src) by extensions ['ignore', 'ignore_ament_install']
[0.689s] Level 1:colcon.colcon_core.package_identification:_identify(src) by extension 'ignore'
[0.692s] Level 1:colcon.colcon_core.package_identification:_identify(src) by extension 'ignore_ament_install'
[0.698s] Level 1:colcon.colcon_core.package_identification:_identify(src) by extensions ['colcon_pkg']
[0.699s] Level 1:colcon.colcon_core.package_identification:_identify(src) by extension 'colcon_pkg'
[0.702s] Level 1:colcon.colcon_core.package_identification:_identify(src) by extensions ['colcon_meta']
[0.702s] Level 1:colcon.colcon_core.package_identification:_identify(src) by extension 'colcon_meta'
[0.706s] Level 1:colcon.colcon_core.package_identification:_identify(src) by extensions ['ros']
[0.706s] Level 1:colcon.colcon_core.package_identification:_identify(src) by extension 'ros'
[0.720s] Level 1:colcon.colcon_core.package_identification:_identify(src) by extensions ['cmake', 'python']
[0.721s] Level 1:colcon.colcon_core.package_identification:_identify(src) by extension 'cmake'
[0.724s] Level 1:colcon.colcon_core.package_identification:_identify(src) by extension 'python'
[0.727s] Level 1:colcon.colcon_core.package_identification:_identify(src) by extensions ['python_setup_py']
[0.728s] Level 1:colcon.colcon_core.package_identification:_identify(src) by extension 'python_setup_py'
[0.748s] Level 1:colcon.colcon_core.package_identification:_identify(src/vihang_description) by extensions ['ignore', 'ignore_ament_install']
[0.749s] Level 1:colcon.colcon_core.package_identification:_identify(src/vihang_description) by extension 'ignore'
[0.754s] Level 1:colcon.colcon_core.package_identification:_identify(src/vihang_description) by extension 'ignore_ament_install'
[0.763s] Level 1:colcon.colcon_core.package_identification:_identify(src/vihang_description) by extensions ['colcon_pkg']
[0.764s] Level 1:colcon.colcon_core.package_identification:_identify(src/vihang_description) by extension 'colcon_pkg'
[0.770s] Level 1:colcon.colcon_core.package_identification:_identify(src/vihang_description) by extensions ['colcon_meta']
[0.770s] Level 1:colcon.colcon_core.package_identification:_identify(src/vihang_description) by extension 'colcon_meta'
[0.778s] Level 1:colcon.colcon_core.package_identification:_identify(src/vihang_description) by extensions ['ros']
[0.779s] Level 1:colcon.colcon_core.package_identification:_identify(src/vihang_description) by extension 'ros'
[0.838s] DEBUG:colcon.colcon_core.package_identification:Package 'src/vihang_description' with type 'ros.ament_cmake' and name 'vihang_description'
[0.839s] Level 1:colcon.colcon_core.package_discovery:discover_packages(recursive) using defaults
[0.841s] Level 1:colcon.colcon_core.package_discovery:discover_packages(ignore) discover
[0.841s] Level 1:colcon.colcon_core.package_discovery:discover_packages(ignore) using defaults
[0.842s] Level 1:colcon.colcon_core.package_discovery:discover_packages(path) discover
[0.843s] Level 1:colcon.colcon_core.package_discovery:discover_packages(path) using defaults
[0.895s] Level 1:colcon.colcon_core.package_discovery:discover_packages(prefix_path) check parameters
[0.895s] Level 1:colcon.colcon_core.package_discovery:discover_packages(prefix_path) discover
[1.005s] DEBUG:colcon.colcon_installed_package_information.package_discovery:Found 1 installed packages in /mnt/c/Users/lenovo/Desktop/vihang_ws/install
[1.008s] DEBUG:colcon.colcon_installed_package_information.package_discovery:Found 296 installed packages in /opt/ros/humble
[1.011s] Level 1:colcon.colcon_core.package_discovery:discover_packages(prefix_path) using defaults
[1.099s] Level 5:colcon.colcon_core.verb:set package 'vihang_description' build argument 'cmake_args' from command line to 'None'
[1.100s] Level 5:colcon.colcon_core.verb:set package 'vihang_description' build argument 'cmake_target' from command line to 'None'
[1.100s] Level 5:colcon.colcon_core.verb:set package 'vihang_description' build argument 'cmake_target_skip_unavailable' from command line to 'False'
[1.101s] Level 5:colcon.colcon_core.verb:set package 'vihang_description' build argument 'cmake_clean_cache' from command line to 'False'
[1.101s] Level 5:colcon.colcon_core.verb:set package 'vihang_description' build argument 'cmake_clean_first' from command line to 'False'
[1.101s] Level 5:colcon.colcon_core.verb:set package 'vihang_description' build argument 'cmake_force_configure' from command line to 'False'
[1.101s] Level 5:colcon.colcon_core.verb:set package 'vihang_description' build argument 'ament_cmake_args' from command line to 'None'
[1.102s] Level 5:colcon.colcon_core.verb:set package 'vihang_description' build argument 'catkin_cmake_args' from command line to 'None'
[1.102s] Level 5:colcon.colcon_core.verb:set package 'vihang_description' build argument 'catkin_skip_building_tests' from command line to 'False'
[1.102s] DEBUG:colcon.colcon_core.verb:Building package 'vihang_description' with the following arguments: {'ament_cmake_args': None, 'build_base': '/mnt/c/Users/lenovo/Desktop/vihang_ws/build/vihang_description', 'catkin_cmake_args': None, 'catkin_skip_building_tests': False, 'cmake_args': None, 'cmake_clean_cache': False, 'cmake_clean_first': False, 'cmake_force_configure': False, 'cmake_target': None, 'cmake_target_skip_unavailable': False, 'install_base': '/mnt/c/Users/lenovo/Desktop/vihang_ws/install/vihang_description', 'merge_install': False, 'path': '/mnt/c/Users/lenovo/Desktop/vihang_ws/src/vihang_description', 'symlink_install': True, 'test_result_base': None}
[1.103s] INFO:colcon.colcon_core.executor:Executing jobs using 'parallel' executor
[1.104s] DEBUG:colcon.colcon_parallel_executor.executor.parallel:run_until_complete
[1.105s] INFO:colcon.colcon_ros.task.ament_cmake.build:Building ROS package in '/mnt/c/Users/lenovo/Desktop/vihang_ws/src/vihang_description' with build type 'ament_cmake'
[1.106s] INFO:colcon.colcon_cmake.task.cmake.build:Building CMake package in '/mnt/c/Users/lenovo/Desktop/vihang_ws/src/vihang_description'
[1.109s] INFO:colcon.colcon_core.plugin_system:Skipping extension 'colcon_core.shell.bat': Not used on non-Windows systems
[1.110s] INFO:colcon.colcon_core.shell:Skip shell extension 'powershell' for command environment: Not usable outside of PowerShell
[1.110s] DEBUG:colcon.colcon_core.shell:Skip shell extension 'dsv' for command environment
[1.262s] DEBUG:colcon.colcon_core.event_handler.log_command:Invoking command in '/mnt/c/Users/lenovo/Desktop/vihang_ws/build/vihang_description': CMAKE_PREFIX_PATH=${CMAKE_PREFIX_PATH}:/opt/ros/humble /usr/bin/cmake --build /mnt/c/Users/lenovo/Desktop/vihang_ws/build/vihang_description -- -j8 -l8
[1.389s] DEBUG:colcon.colcon_core.event_handler.log_command:Invoked command in '/mnt/c/Users/lenovo/Desktop/vihang_ws/build/vihang_description' returned '0': CMAKE_PREFIX_PATH=${CMAKE_PREFIX_PATH}:/opt/ros/humble /usr/bin/cmake --build /mnt/c/Users/lenovo/Desktop/vihang_ws/build/vihang_description -- -j8 -l8
[1.440s] DEBUG:colcon.colcon_core.event_handler.log_command:Invoking command in '/mnt/c/Users/lenovo/Desktop/vihang_ws/build/vihang_description': CMAKE_PREFIX_PATH=${CMAKE_PREFIX_PATH}:/opt/ros/humble /usr/bin/cmake --install /mnt/c/Users/lenovo/Desktop/vihang_ws/build/vihang_description
[2.432s] Level 1:colcon.colcon_core.environment:create_environment_scripts_only(vihang_description)
[2.435s] Level 1:colcon.colcon_core.environment:checking '/mnt/c/Users/lenovo/Desktop/vihang_ws/install/vihang_description' for CMake module files
[2.440s] DEBUG:colcon.colcon_core.event_handler.log_command:Invoked command in '/mnt/c/Users/lenovo/Desktop/vihang_ws/build/vihang_description' returned '0': CMAKE_PREFIX_PATH=${CMAKE_PREFIX_PATH}:/opt/ros/humble /usr/bin/cmake --install /mnt/c/Users/lenovo/Desktop/vihang_ws/build/vihang_description
[2.582s] Level 1:colcon.colcon_core.environment:checking '/mnt/c/Users/lenovo/Desktop/vihang_ws/install/vihang_description' for CMake config files
[2.730s] Level 1:colcon.colcon_core.shell:create_environment_hook('vihang_description', 'cmake_prefix_path')
[2.731s] INFO:colcon.colcon_core.shell:Creating environment hook '/mnt/c/Users/lenovo/Desktop/vihang_ws/install/vihang_description/share/vihang_description/hook/cmake_prefix_path.ps1'
[2.754s] INFO:colcon.colcon_core.shell:Creating environment descriptor '/mnt/c/Users/lenovo/Desktop/vihang_ws/install/vihang_description/share/vihang_description/hook/cmake_prefix_path.dsv'
[2.779s] INFO:colcon.colcon_core.shell:Creating environment hook '/mnt/c/Users/lenovo/Desktop/vihang_ws/install/vihang_description/share/vihang_description/hook/cmake_prefix_path.sh'
[2.812s] Level 1:colcon.colcon_core.environment:checking '/mnt/c/Users/lenovo/Desktop/vihang_ws/install/vihang_description/bin'
[2.814s] Level 1:colcon.colcon_core.environment:checking '/mnt/c/Users/lenovo/Desktop/vihang_ws/install/vihang_description/lib/pkgconfig/vihang_description.pc'
[2.816s] Level 1:colcon.colcon_core.environment:checking '/mnt/c/Users/lenovo/Desktop/vihang_ws/install/vihang_description/lib/python3.10/site-packages'
[2.818s] Level 1:colcon.colcon_core.environment:checking '/mnt/c/Users/lenovo/Desktop/vihang_ws/install/vihang_description/bin'
[2.820s] INFO:colcon.colcon_core.shell:Creating package script '/mnt/c/Users/lenovo/Desktop/vihang_ws/install/vihang_description/share/vihang_description/package.ps1'
[2.844s] INFO:colcon.colcon_core.shell:Creating package descriptor '/mnt/c/Users/lenovo/Desktop/vihang_ws/install/vihang_description/share/vihang_description/package.dsv'
[2.869s] INFO:colcon.colcon_core.shell:Creating package script '/mnt/c/Users/lenovo/Desktop/vihang_ws/install/vihang_description/share/vihang_description/package.sh'
[2.887s] INFO:colcon.colcon_core.shell:Creating package script '/mnt/c/Users/lenovo/Desktop/vihang_ws/install/vihang_description/share/vihang_description/package.bash'
[2.902s] INFO:colcon.colcon_core.shell:Creating package script '/mnt/c/Users/lenovo/Desktop/vihang_ws/install/vihang_description/share/vihang_description/package.zsh'
[2.919s] Level 1:colcon.colcon_core.environment:create_file_with_runtime_dependencies(/mnt/c/Users/lenovo/Desktop/vihang_ws/install/vihang_description/share/colcon-core/packages/vihang_description)
[2.962s] Level 1:colcon.colcon_core.environment:create_environment_scripts_only(vihang_description)
[2.962s] Level 1:colcon.colcon_core.environment:checking '/mnt/c/Users/lenovo/Desktop/vihang_ws/install/vihang_description' for CMake module files
[3.112s] Level 1:colcon.colcon_core.environment:checking '/mnt/c/Users/lenovo/Desktop/vihang_ws/install/vihang_description' for CMake config files
[3.243s] Level 1:colcon.colcon_core.shell:create_environment_hook('vihang_description', 'cmake_prefix_path')
[3.244s] INFO:colcon.colcon_core.shell:Creating environment hook '/mnt/c/Users/lenovo/Desktop/vihang_ws/install/vihang_description/share/vihang_description/hook/cmake_prefix_path.ps1'
[3.265s] INFO:colcon.colcon_core.shell:Creating environment descriptor '/mnt/c/Users/lenovo/Desktop/vihang_ws/install/vihang_description/share/vihang_description/hook/cmake_prefix_path.dsv'
[3.285s] INFO:colcon.colcon_core.shell:Creating environment hook '/mnt/c/Users/lenovo/Desktop/vihang_ws/install/vihang_description/share/vihang_description/hook/cmake_prefix_path.sh'
[3.307s] Level 1:colcon.colcon_core.environment:checking '/mnt/c/Users/lenovo/Desktop/vihang_ws/install/vihang_description/bin'
[3.309s] Level 1:colcon.colcon_core.environment:checking '/mnt/c/Users/lenovo/Desktop/vihang_ws/install/vihang_description/lib/pkgconfig/vihang_description.pc'
[3.310s] Level 1:colcon.colcon_core.environment:checking '/mnt/c/Users/lenovo/Desktop/vihang_ws/install/vihang_description/lib/python3.10/site-packages'
[3.312s] Level 1:colcon.colcon_core.environment:checking '/mnt/c/Users/lenovo/Desktop/vihang_ws/install/vihang_description/bin'
[3.313s] INFO:colcon.colcon_core.shell:Creating package script '/mnt/c/Users/lenovo/Desktop/vihang_ws/install/vihang_description/share/vihang_description/package.ps1'
[3.328s] INFO:colcon.colcon_core.shell:Creating package descriptor '/mnt/c/Users/lenovo/Desktop/vihang_ws/install/vihang_description/share/vihang_description/package.dsv'
[3.369s] INFO:colcon.colcon_core.shell:Creating package script '/mnt/c/Users/lenovo/Desktop/vihang_ws/install/vihang_description/share/vihang_description/package.sh'
[3.394s] INFO:colcon.colcon_core.shell:Creating package script '/mnt/c/Users/lenovo/Desktop/vihang_ws/install/vihang_description/share/vihang_description/package.bash'
[3.417s] INFO:colcon.colcon_core.shell:Creating package script '/mnt/c/Users/lenovo/Desktop/vihang_ws/install/vihang_description/share/vihang_description/package.zsh'
[3.435s] Level 1:colcon.colcon_core.environment:create_file_with_runtime_dependencies(/mnt/c/Users/lenovo/Desktop/vihang_ws/install/vihang_description/share/colcon-core/packages/vihang_description)
[3.454s] DEBUG:colcon.colcon_parallel_executor.executor.parallel:closing loop
[3.456s] DEBUG:colcon.colcon_parallel_executor.executor.parallel:loop closed
[3.457s] DEBUG:colcon.colcon_parallel_executor.executor.parallel:run_until_complete finished with '0'
[3.457s] DEBUG:colcon.colcon_core.event_reactor:joining thread
[3.575s] INFO:colcon.colcon_core.plugin_system:Skipping extension 'colcon_notification.desktop_notification.notify_send': Could not find 'notify-send'
[3.576s] INFO:colcon.colcon_core.plugin_system:Skipping extension 'colcon_notification.desktop_notification.terminal_notifier': Not used on non-Darwin systems
[3.576s] INFO:colcon.colcon_core.plugin_system:Skipping extension 'colcon_notification.desktop_notification.win32': Not used on non-Windows systems
[3.577s] INFO:colcon.colcon_notification.desktop_notification:Sending desktop notification using 'notify2'
[3.577s] DEBUG:colcon.colcon_notification.desktop_notification.notify2:Failed to initialize notify2: org.freedesktop.DBus.Error.FileNotFound: Failed to connect to socket /run/user/1000/bus: No such file or directory
[3.578s] DEBUG:colcon.colcon_core.event_reactor:joined thread
[3.579s] INFO:colcon.colcon_core.shell:Creating prefix script '/mnt/c/Users/lenovo/Desktop/vihang_ws/install/local_setup.ps1'
[3.587s] INFO:colcon.colcon_core.shell:Creating prefix util module '/mnt/c/Users/lenovo/Desktop/vihang_ws/install/_local_setup_util_ps1.py'
[3.601s] INFO:colcon.colcon_core.shell:Creating prefix chain script '/mnt/c/Users/lenovo/Desktop/vihang_ws/install/setup.ps1'
[3.629s] INFO:colcon.colcon_core.shell:Creating prefix script '/mnt/c/Users/lenovo/Desktop/vihang_ws/install/local_setup.sh'
[3.642s] INFO:colcon.colcon_core.shell:Creating prefix util module '/mnt/c/Users/lenovo/Desktop/vihang_ws/install/_local_setup_util_sh.py'
[3.652s] INFO:colcon.colcon_core.shell:Creating prefix chain script '/mnt/c/Users/lenovo/Desktop/vihang_ws/install/setup.sh'
[3.681s] INFO:colcon.colcon_core.shell:Creating prefix script '/mnt/c/Users/lenovo/Desktop/vihang_ws/install/local_setup.bash'
[3.692s] INFO:colcon.colcon_core.shell:Creating prefix chain script '/mnt/c/Users/lenovo/Desktop/vihang_ws/install/setup.bash'
[3.719s] INFO:colcon.colcon_core.shell:Creating prefix script '/mnt/c/Users/lenovo/Desktop/vihang_ws/install/local_setup.zsh'
[3.727s] INFO:colcon.colcon_core.shell:Creating prefix chain script '/mnt/c/Users/lenovo/Desktop/vihang_ws/install/setup.zsh'
