[0.436s] DEBUG:colcon:Command line arguments: ['/usr/bin/colcon', 'build', '--symlink-install']
[0.437s] DEBUG:colcon:Parsed command line arguments: Namespace(log_base=None, log_level=None, verb_name='build', build_base='build', install_base='install', merge_install=False, symlink_install=True, test_result_base=None, continue_on_error=False, executor='parallel', parallel_workers=8, event_handlers=None, ignore_user_meta=False, metas=['./colcon.meta'], base_paths=['.'], packages_ignore=None, packages_ignore_regex=None, paths=None, packages_up_to=None, packages_up_to_regex=None, packages_above=None, packages_above_and_dependencies=None, packages_above_depth=None, packages_select_by_dep=None, packages_skip_by_dep=None, packages_skip_up_to=None, packages_select_build_failed=False, packages_skip_build_finished=False, packages_select_test_failures=False, packages_skip_test_passed=False, packages_select=None, packages_skip=None, packages_select_regex=None, packages_skip_regex=None, packages_start=None, packages_end=None, allow_overriding=[], cmake_args=None, cmake_target=None, cmake_target_skip_unavailable=False, cmake_clean_cache=False, cmake_clean_first=False, cmake_force_configure=False, ament_cmake_args=None, catkin_cmake_args=None, catkin_skip_building_tests=False, verb_parser=<colcon_defaults.argument_parser.defaults.DefaultArgumentsDecorator object at 0x7f3d4b8db850>, verb_extension=<colcon_core.verb.build.BuildVerb object at 0x7f3d4b8db340>, main=<bound method BuildVerb.main of <colcon_core.verb.build.BuildVerb object at 0x7f3d4b8db340>>)
[0.988s] Level 1:colcon.colcon_core.package_discovery:discover_packages(colcon_meta) check parameters
[0.990s] Level 1:colcon.colcon_core.package_discovery:discover_packages(recursive) check parameters
[0.990s] Level 1:colcon.colcon_core.package_discovery:discover_packages(ignore) check parameters
[0.991s] Level 1:colcon.colcon_core.package_discovery:discover_packages(path) check parameters
[0.991s] Level 1:colcon.colcon_core.package_discovery:discover_packages(colcon_meta) discover
[0.992s] Level 1:colcon.colcon_core.package_discovery:discover_packages(recursive) discover
[0.992s] INFO:colcon.colcon_core.package_discovery:Crawling recursively for packages in '/mnt/c/Users/lenovo/Desktop/vihang_ws'
[0.995s] Level 1:colcon.colcon_core.package_identification:_identify(.) by extensions ['ignore', 'ignore_ament_install']
[0.996s] Level 1:colcon.colcon_core.package_identification:_identify(.) by extension 'ignore'
[0.996s] Level 1:colcon.colcon_core.package_identification:_identify(.) by extension 'ignore_ament_install'
[0.997s] Level 1:colcon.colcon_core.package_identification:_identify(.) by extensions ['colcon_pkg']
[0.997s] Level 1:colcon.colcon_core.package_identification:_identify(.) by extension 'colcon_pkg'
[0.998s] Level 1:colcon.colcon_core.package_identification:_identify(.) by extensions ['colcon_meta']
[0.998s] Level 1:colcon.colcon_core.package_identification:_identify(.) by extension 'colcon_meta'
[0.999s] Level 1:colcon.colcon_core.package_identification:_identify(.) by extensions ['ros']
[0.999s] Level 1:colcon.colcon_core.package_identification:_identify(.) by extension 'ros'
[1.024s] Level 1:colcon.colcon_core.package_identification:_identify(.) by extensions ['cmake', 'python']
[1.024s] Level 1:colcon.colcon_core.package_identification:_identify(.) by extension 'cmake'
[1.025s] Level 1:colcon.colcon_core.package_identification:_identify(.) by extension 'python'
[1.026s] Level 1:colcon.colcon_core.package_identification:_identify(.) by extensions ['python_setup_py']
[1.027s] Level 1:colcon.colcon_core.package_identification:_identify(.) by extension 'python_setup_py'
[1.032s] Level 1:colcon.colcon_core.package_identification:_identify(build) by extensions ['ignore', 'ignore_ament_install']
[1.032s] Level 1:colcon.colcon_core.package_identification:_identify(build) by extension 'ignore'
[1.034s] Level 1:colcon.colcon_core.package_identification:_identify(build) ignored
[1.039s] Level 1:colcon.colcon_core.package_identification:_identify(install) by extensions ['ignore', 'ignore_ament_install']
[1.040s] Level 1:colcon.colcon_core.package_identification:_identify(install) by extension 'ignore'
[1.042s] Level 1:colcon.colcon_core.package_identification:_identify(install) ignored
[1.050s] Level 1:colcon.colcon_core.package_identification:_identify(log) by extensions ['ignore', 'ignore_ament_install']
[1.051s] Level 1:colcon.colcon_core.package_identification:_identify(log) by extension 'ignore'
[1.052s] Level 1:colcon.colcon_core.package_identification:_identify(log) ignored
[1.056s] Level 1:colcon.colcon_core.package_identification:_identify(src) by extensions ['ignore', 'ignore_ament_install']
[1.057s] Level 1:colcon.colcon_core.package_identification:_identify(src) by extension 'ignore'
[1.058s] Level 1:colcon.colcon_core.package_identification:_identify(src) by extension 'ignore_ament_install'
[1.061s] Level 1:colcon.colcon_core.package_identification:_identify(src) by extensions ['colcon_pkg']
[1.062s] Level 1:colcon.colcon_core.package_identification:_identify(src) by extension 'colcon_pkg'
[1.064s] Level 1:colcon.colcon_core.package_identification:_identify(src) by extensions ['colcon_meta']
[1.064s] Level 1:colcon.colcon_core.package_identification:_identify(src) by extension 'colcon_meta'
[1.065s] Level 1:colcon.colcon_core.package_identification:_identify(src) by extensions ['ros']
[1.066s] Level 1:colcon.colcon_core.package_identification:_identify(src) by extension 'ros'
[1.073s] Level 1:colcon.colcon_core.package_identification:_identify(src) by extensions ['cmake', 'python']
[1.074s] Level 1:colcon.colcon_core.package_identification:_identify(src) by extension 'cmake'
[1.076s] Level 1:colcon.colcon_core.package_identification:_identify(src) by extension 'python'
[1.077s] Level 1:colcon.colcon_core.package_identification:_identify(src) by extensions ['python_setup_py']
[1.078s] Level 1:colcon.colcon_core.package_identification:_identify(src) by extension 'python_setup_py'
[1.087s] Level 1:colcon.colcon_core.package_identification:_identify(src/vihang_description) by extensions ['ignore', 'ignore_ament_install']
[1.088s] Level 1:colcon.colcon_core.package_identification:_identify(src/vihang_description) by extension 'ignore'
[1.090s] Level 1:colcon.colcon_core.package_identification:_identify(src/vihang_description) by extension 'ignore_ament_install'
[1.095s] Level 1:colcon.colcon_core.package_identification:_identify(src/vihang_description) by extensions ['colcon_pkg']
[1.095s] Level 1:colcon.colcon_core.package_identification:_identify(src/vihang_description) by extension 'colcon_pkg'
[1.098s] Level 1:colcon.colcon_core.package_identification:_identify(src/vihang_description) by extensions ['colcon_meta']
[1.098s] Level 1:colcon.colcon_core.package_identification:_identify(src/vihang_description) by extension 'colcon_meta'
[1.101s] Level 1:colcon.colcon_core.package_identification:_identify(src/vihang_description) by extensions ['ros']
[1.101s] Level 1:colcon.colcon_core.package_identification:_identify(src/vihang_description) by extension 'ros'
[1.136s] DEBUG:colcon.colcon_core.package_identification:Package 'src/vihang_description' with type 'ros.ament_cmake' and name 'vihang_description'
[1.137s] Level 1:colcon.colcon_core.package_discovery:discover_packages(recursive) using defaults
[1.138s] Level 1:colcon.colcon_core.package_discovery:discover_packages(ignore) discover
[1.139s] Level 1:colcon.colcon_core.package_discovery:discover_packages(ignore) using defaults
[1.140s] Level 1:colcon.colcon_core.package_discovery:discover_packages(path) discover
[1.140s] Level 1:colcon.colcon_core.package_discovery:discover_packages(path) using defaults
[1.215s] Level 1:colcon.colcon_core.package_discovery:discover_packages(prefix_path) check parameters
[1.216s] Level 1:colcon.colcon_core.package_discovery:discover_packages(prefix_path) discover
[1.222s] DEBUG:colcon.colcon_installed_package_information.package_discovery:Found 296 installed packages in /opt/ros/humble
[1.225s] Level 1:colcon.colcon_core.package_discovery:discover_packages(prefix_path) using defaults
[1.284s] Level 5:colcon.colcon_core.verb:set package 'vihang_description' build argument 'cmake_args' from command line to 'None'
[1.284s] Level 5:colcon.colcon_core.verb:set package 'vihang_description' build argument 'cmake_target' from command line to 'None'
[1.285s] Level 5:colcon.colcon_core.verb:set package 'vihang_description' build argument 'cmake_target_skip_unavailable' from command line to 'False'
[1.285s] Level 5:colcon.colcon_core.verb:set package 'vihang_description' build argument 'cmake_clean_cache' from command line to 'False'
[1.286s] Level 5:colcon.colcon_core.verb:set package 'vihang_description' build argument 'cmake_clean_first' from command line to 'False'
[1.286s] Level 5:colcon.colcon_core.verb:set package 'vihang_description' build argument 'cmake_force_configure' from command line to 'False'
[1.286s] Level 5:colcon.colcon_core.verb:set package 'vihang_description' build argument 'ament_cmake_args' from command line to 'None'
[1.287s] Level 5:colcon.colcon_core.verb:set package 'vihang_description' build argument 'catkin_cmake_args' from command line to 'None'
[1.287s] Level 5:colcon.colcon_core.verb:set package 'vihang_description' build argument 'catkin_skip_building_tests' from command line to 'False'
[1.287s] DEBUG:colcon.colcon_core.verb:Building package 'vihang_description' with the following arguments: {'ament_cmake_args': None, 'build_base': '/mnt/c/Users/lenovo/Desktop/vihang_ws/build/vihang_description', 'catkin_cmake_args': None, 'catkin_skip_building_tests': False, 'cmake_args': None, 'cmake_clean_cache': False, 'cmake_clean_first': False, 'cmake_force_configure': False, 'cmake_target': None, 'cmake_target_skip_unavailable': False, 'install_base': '/mnt/c/Users/lenovo/Desktop/vihang_ws/install/vihang_description', 'merge_install': False, 'path': '/mnt/c/Users/lenovo/Desktop/vihang_ws/src/vihang_description', 'symlink_install': True, 'test_result_base': None}
[1.288s] INFO:colcon.colcon_core.executor:Executing jobs using 'parallel' executor
[1.289s] DEBUG:colcon.colcon_parallel_executor.executor.parallel:run_until_complete
[1.290s] INFO:colcon.colcon_ros.task.ament_cmake.build:Building ROS package in '/mnt/c/Users/lenovo/Desktop/vihang_ws/src/vihang_description' with build type 'ament_cmake'
[1.290s] INFO:colcon.colcon_cmake.task.cmake.build:Building CMake package in '/mnt/c/Users/lenovo/Desktop/vihang_ws/src/vihang_description'
[1.298s] INFO:colcon.colcon_core.plugin_system:Skipping extension 'colcon_core.shell.bat': Not used on non-Windows systems
[1.299s] INFO:colcon.colcon_core.shell:Skip shell extension 'powershell' for command environment: Not usable outside of PowerShell
[1.299s] DEBUG:colcon.colcon_core.shell:Skip shell extension 'dsv' for command environment
[1.442s] DEBUG:colcon.colcon_core.event_handler.log_command:Invoking command in '/mnt/c/Users/lenovo/Desktop/vihang_ws/build/vihang_description': CMAKE_PREFIX_PATH=/opt/ros/humble /usr/bin/cmake /mnt/c/Users/lenovo/Desktop/vihang_ws/src/vihang_description -DAMENT_CMAKE_SYMLINK_INSTALL=1 -DCMAKE_INSTALL_PREFIX=/mnt/c/Users/lenovo/Desktop/vihang_ws/install/vihang_description
[10.462s] DEBUG:colcon.colcon_core.event_handler.log_command:Invoked command in '/mnt/c/Users/lenovo/Desktop/vihang_ws/build/vihang_description' returned '0': CMAKE_PREFIX_PATH=/opt/ros/humble /usr/bin/cmake /mnt/c/Users/lenovo/Desktop/vihang_ws/src/vihang_description -DAMENT_CMAKE_SYMLINK_INSTALL=1 -DCMAKE_INSTALL_PREFIX=/mnt/c/Users/lenovo/Desktop/vihang_ws/install/vihang_description
[10.477s] DEBUG:colcon.colcon_core.event_handler.log_command:Invoking command in '/mnt/c/Users/lenovo/Desktop/vihang_ws/build/vihang_description': CMAKE_PREFIX_PATH=/opt/ros/humble /usr/bin/cmake --build /mnt/c/Users/lenovo/Desktop/vihang_ws/build/vihang_description -- -j8 -l8
[10.620s] DEBUG:colcon.colcon_core.event_handler.log_command:Invoked command in '/mnt/c/Users/lenovo/Desktop/vihang_ws/build/vihang_description' returned '0': CMAKE_PREFIX_PATH=/opt/ros/humble /usr/bin/cmake --build /mnt/c/Users/lenovo/Desktop/vihang_ws/build/vihang_description -- -j8 -l8
[10.661s] DEBUG:colcon.colcon_core.event_handler.log_command:Invoking command in '/mnt/c/Users/lenovo/Desktop/vihang_ws/build/vihang_description': CMAKE_PREFIX_PATH=/opt/ros/humble /usr/bin/cmake --install /mnt/c/Users/lenovo/Desktop/vihang_ws/build/vihang_description
[12.009s] Level 1:colcon.colcon_core.environment:create_environment_scripts_only(vihang_description)
[12.010s] DEBUG:colcon.colcon_core.event_handler.log_command:Invoked command in '/mnt/c/Users/lenovo/Desktop/vihang_ws/build/vihang_description' returned '0': CMAKE_PREFIX_PATH=/opt/ros/humble /usr/bin/cmake --install /mnt/c/Users/lenovo/Desktop/vihang_ws/build/vihang_description
[12.014s] Level 1:colcon.colcon_core.environment:checking '/mnt/c/Users/lenovo/Desktop/vihang_ws/install/vihang_description' for CMake module files
[12.142s] Level 1:colcon.colcon_core.environment:checking '/mnt/c/Users/lenovo/Desktop/vihang_ws/install/vihang_description' for CMake config files
[12.260s] Level 1:colcon.colcon_core.shell:create_environment_hook('vihang_description', 'cmake_prefix_path')
[12.261s] INFO:colcon.colcon_core.shell:Creating environment hook '/mnt/c/Users/lenovo/Desktop/vihang_ws/install/vihang_description/share/vihang_description/hook/cmake_prefix_path.ps1'
[12.278s] INFO:colcon.colcon_core.shell:Creating environment descriptor '/mnt/c/Users/lenovo/Desktop/vihang_ws/install/vihang_description/share/vihang_description/hook/cmake_prefix_path.dsv'
[12.301s] INFO:colcon.colcon_core.shell:Creating environment hook '/mnt/c/Users/lenovo/Desktop/vihang_ws/install/vihang_description/share/vihang_description/hook/cmake_prefix_path.sh'
[12.326s] Level 1:colcon.colcon_core.environment:checking '/mnt/c/Users/lenovo/Desktop/vihang_ws/install/vihang_description/bin'
[12.327s] Level 1:colcon.colcon_core.environment:checking '/mnt/c/Users/lenovo/Desktop/vihang_ws/install/vihang_description/lib/pkgconfig/vihang_description.pc'
[12.330s] Level 1:colcon.colcon_core.environment:checking '/mnt/c/Users/lenovo/Desktop/vihang_ws/install/vihang_description/lib/python3.10/site-packages'
[12.332s] Level 1:colcon.colcon_core.environment:checking '/mnt/c/Users/lenovo/Desktop/vihang_ws/install/vihang_description/bin'
[12.334s] INFO:colcon.colcon_core.shell:Creating package script '/mnt/c/Users/lenovo/Desktop/vihang_ws/install/vihang_description/share/vihang_description/package.ps1'
[12.351s] INFO:colcon.colcon_core.shell:Creating package descriptor '/mnt/c/Users/lenovo/Desktop/vihang_ws/install/vihang_description/share/vihang_description/package.dsv'
[12.373s] INFO:colcon.colcon_core.shell:Creating package script '/mnt/c/Users/lenovo/Desktop/vihang_ws/install/vihang_description/share/vihang_description/package.sh'
[12.391s] INFO:colcon.colcon_core.shell:Creating package script '/mnt/c/Users/lenovo/Desktop/vihang_ws/install/vihang_description/share/vihang_description/package.bash'
[12.417s] INFO:colcon.colcon_core.shell:Creating package script '/mnt/c/Users/lenovo/Desktop/vihang_ws/install/vihang_description/share/vihang_description/package.zsh'
[12.436s] Level 1:colcon.colcon_core.environment:create_file_with_runtime_dependencies(/mnt/c/Users/lenovo/Desktop/vihang_ws/install/vihang_description/share/colcon-core/packages/vihang_description)
[12.481s] Level 1:colcon.colcon_core.environment:create_environment_scripts_only(vihang_description)
[12.482s] Level 1:colcon.colcon_core.environment:checking '/mnt/c/Users/lenovo/Desktop/vihang_ws/install/vihang_description' for CMake module files
[12.658s] Level 1:colcon.colcon_core.environment:checking '/mnt/c/Users/lenovo/Desktop/vihang_ws/install/vihang_description' for CMake config files
[12.806s] Level 1:colcon.colcon_core.shell:create_environment_hook('vihang_description', 'cmake_prefix_path')
[12.807s] INFO:colcon.colcon_core.shell:Creating environment hook '/mnt/c/Users/lenovo/Desktop/vihang_ws/install/vihang_description/share/vihang_description/hook/cmake_prefix_path.ps1'
[12.833s] INFO:colcon.colcon_core.shell:Creating environment descriptor '/mnt/c/Users/lenovo/Desktop/vihang_ws/install/vihang_description/share/vihang_description/hook/cmake_prefix_path.dsv'
[12.856s] INFO:colcon.colcon_core.shell:Creating environment hook '/mnt/c/Users/lenovo/Desktop/vihang_ws/install/vihang_description/share/vihang_description/hook/cmake_prefix_path.sh'
[12.887s] Level 1:colcon.colcon_core.environment:checking '/mnt/c/Users/lenovo/Desktop/vihang_ws/install/vihang_description/bin'
[12.889s] Level 1:colcon.colcon_core.environment:checking '/mnt/c/Users/lenovo/Desktop/vihang_ws/install/vihang_description/lib/pkgconfig/vihang_description.pc'
[12.892s] Level 1:colcon.colcon_core.environment:checking '/mnt/c/Users/lenovo/Desktop/vihang_ws/install/vihang_description/lib/python3.10/site-packages'
[12.894s] Level 1:colcon.colcon_core.environment:checking '/mnt/c/Users/lenovo/Desktop/vihang_ws/install/vihang_description/bin'
[12.896s] INFO:colcon.colcon_core.shell:Creating package script '/mnt/c/Users/lenovo/Desktop/vihang_ws/install/vihang_description/share/vihang_description/package.ps1'
[12.918s] INFO:colcon.colcon_core.shell:Creating package descriptor '/mnt/c/Users/lenovo/Desktop/vihang_ws/install/vihang_description/share/vihang_description/package.dsv'
[12.941s] INFO:colcon.colcon_core.shell:Creating package script '/mnt/c/Users/lenovo/Desktop/vihang_ws/install/vihang_description/share/vihang_description/package.sh'
[12.959s] INFO:colcon.colcon_core.shell:Creating package script '/mnt/c/Users/lenovo/Desktop/vihang_ws/install/vihang_description/share/vihang_description/package.bash'
[12.981s] INFO:colcon.colcon_core.shell:Creating package script '/mnt/c/Users/lenovo/Desktop/vihang_ws/install/vihang_description/share/vihang_description/package.zsh'
[13.007s] Level 1:colcon.colcon_core.environment:create_file_with_runtime_dependencies(/mnt/c/Users/lenovo/Desktop/vihang_ws/install/vihang_description/share/colcon-core/packages/vihang_description)
[13.026s] DEBUG:colcon.colcon_parallel_executor.executor.parallel:closing loop
[13.027s] DEBUG:colcon.colcon_parallel_executor.executor.parallel:loop closed
[13.028s] DEBUG:colcon.colcon_parallel_executor.executor.parallel:run_until_complete finished with '0'
[13.028s] DEBUG:colcon.colcon_core.event_reactor:joining thread
[13.145s] INFO:colcon.colcon_core.plugin_system:Skipping extension 'colcon_notification.desktop_notification.notify_send': Could not find 'notify-send'
[13.146s] INFO:colcon.colcon_core.plugin_system:Skipping extension 'colcon_notification.desktop_notification.terminal_notifier': Not used on non-Darwin systems
[13.146s] INFO:colcon.colcon_core.plugin_system:Skipping extension 'colcon_notification.desktop_notification.win32': Not used on non-Windows systems
[13.147s] INFO:colcon.colcon_notification.desktop_notification:Sending desktop notification using 'notify2'
[13.148s] DEBUG:colcon.colcon_notification.desktop_notification.notify2:Failed to initialize notify2: org.freedesktop.DBus.Error.FileNotFound: Failed to connect to socket /run/user/1000/bus: No such file or directory
[13.148s] DEBUG:colcon.colcon_core.event_reactor:joined thread
[13.149s] INFO:colcon.colcon_core.shell:Creating prefix script '/mnt/c/Users/lenovo/Desktop/vihang_ws/install/local_setup.ps1'
[13.162s] INFO:colcon.colcon_core.shell:Creating prefix util module '/mnt/c/Users/lenovo/Desktop/vihang_ws/install/_local_setup_util_ps1.py'
[13.172s] INFO:colcon.colcon_core.shell:Creating prefix chain script '/mnt/c/Users/lenovo/Desktop/vihang_ws/install/setup.ps1'
[13.182s] INFO:colcon.colcon_core.shell:Creating prefix script '/mnt/c/Users/lenovo/Desktop/vihang_ws/install/local_setup.sh'
[13.191s] INFO:colcon.colcon_core.shell:Creating prefix util module '/mnt/c/Users/lenovo/Desktop/vihang_ws/install/_local_setup_util_sh.py'
[13.198s] INFO:colcon.colcon_core.shell:Creating prefix chain script '/mnt/c/Users/lenovo/Desktop/vihang_ws/install/setup.sh'
[13.209s] INFO:colcon.colcon_core.shell:Creating prefix script '/mnt/c/Users/lenovo/Desktop/vihang_ws/install/local_setup.bash'
[13.219s] INFO:colcon.colcon_core.shell:Creating prefix chain script '/mnt/c/Users/lenovo/Desktop/vihang_ws/install/setup.bash'
[13.229s] INFO:colcon.colcon_core.shell:Creating prefix script '/mnt/c/Users/lenovo/Desktop/vihang_ws/install/local_setup.zsh'
[13.238s] INFO:colcon.colcon_core.shell:Creating prefix chain script '/mnt/c/Users/lenovo/Desktop/vihang_ws/install/setup.zsh'
