[0.148s] Invoking command in '/mnt/c/Users/lenovo/Desktop/vihang_ws/build/vihang_description': CMAKE_PREFIX_PATH=/opt/ros/humble /usr/bin/cmake /mnt/c/Users/lenovo/Desktop/vihang_ws/src/vihang_description -DAMENT_CMAKE_SYMLINK_INSTALL=1 -DCMAKE_INSTALL_PREFIX=/mnt/c/Users/lenovo/Desktop/vihang_ws/install/vihang_description
[0.771s] -- The C compiler identification is GNU 11.4.0
[1.641s] -- The CXX compiler identification is GNU 11.4.0
[2.094s] -- Detecting C compiler ABI info
[3.067s] -- Detecting C compiler ABI info - done
[3.120s] -- Check for working C compiler: /usr/bin/cc - skipped
[3.127s] -- Detecting C compile features
[3.129s] -- Detecting C compile features - done
[3.206s] -- Detecting CXX compiler ABI info
[4.098s] -- Detecting CXX compiler ABI info - done
[4.155s] -- Check for working CXX compiler: /usr/bin/c++ - skipped
[4.157s] -- Detecting CXX compile features
[4.158s] -- Detecting CXX compile features - done
[4.277s] -- Found ament_cmake: 1.3.12 (/opt/ros/humble/share/ament_cmake/cmake)
[4.492s] -- Found Python3: /usr/bin/python3 (found version "3.10.12") found components: Interpreter 
[4.755s] -- Override CMake install command with custom implementation using symlinks instead of copying resources
[5.015s] -- Found ament_lint_auto: 0.12.14 (/opt/ros/humble/share/ament_lint_auto/cmake)
[7.045s] -- Added test 'flake8' to check Python code syntax and style conventions
[7.312s] -- Added test 'lint_cmake' to check CMake code style
[7.406s] -- Added test 'pep257' to check Python code against some of the docstring style conventions in PEP 257
[8.191s] -- Added test 'xmllint' to check XML markup files
[8.441s] -- Configuring done
[8.876s] -- Generating done
[9.163s] -- Build files have been written to: /mnt/c/Users/lenovo/Desktop/vihang_ws/build/vihang_description
[9.168s] Invoked command in '/mnt/c/Users/lenovo/Desktop/vihang_ws/build/vihang_description' returned '0': CMAKE_PREFIX_PATH=/opt/ros/humble /usr/bin/cmake /mnt/c/Users/lenovo/Desktop/vihang_ws/src/vihang_description -DAMENT_CMAKE_SYMLINK_INSTALL=1 -DCMAKE_INSTALL_PREFIX=/mnt/c/Users/lenovo/Desktop/vihang_ws/install/vihang_description
[9.183s] Invoking command in '/mnt/c/Users/lenovo/Desktop/vihang_ws/build/vihang_description': CMAKE_PREFIX_PATH=/opt/ros/humble /usr/bin/cmake --build /mnt/c/Users/lenovo/Desktop/vihang_ws/build/vihang_description -- -j8 -l8
[9.326s] Invoked command in '/mnt/c/Users/lenovo/Desktop/vihang_ws/build/vihang_description' returned '0': CMAKE_PREFIX_PATH=/opt/ros/humble /usr/bin/cmake --build /mnt/c/Users/lenovo/Desktop/vihang_ws/build/vihang_description -- -j8 -l8
[9.367s] Invoking command in '/mnt/c/Users/lenovo/Desktop/vihang_ws/build/vihang_description': CMAKE_PREFIX_PATH=/opt/ros/humble /usr/bin/cmake --install /mnt/c/Users/lenovo/Desktop/vihang_ws/build/vihang_description
[9.380s] -- Install configuration: ""
[9.393s] -- Execute custom install script
[9.448s] -- Symlinking: /mnt/c/Users/lenovo/Desktop/vihang_ws/install/vihang_description/share/vihang_description/launch/display.launch.py
[9.544s] -- Symlinking: /mnt/c/Users/lenovo/Desktop/vihang_ws/install/vihang_description/share/vihang_description/meshes/body.stl
[9.598s] -- Symlinking: /mnt/c/Users/lenovo/Desktop/vihang_ws/install/vihang_description/share/vihang_description/meshes/rotor.stl
[9.654s] -- Symlinking: /mnt/c/Users/lenovo/Desktop/vihang_ws/install/vihang_description/share/vihang_description/meshes/wing.stl
[9.736s] -- Symlinking: /mnt/c/Users/lenovo/Desktop/vihang_ws/install/vihang_description/share/vihang_description/urdf/vihang.urdf.xacro
[9.822s] -- Symlinking: /mnt/c/Users/lenovo/Desktop/vihang_ws/install/vihang_description/share/ament_index/resource_index/package_run_dependencies/vihang_description
[9.907s] -- Symlinking: /mnt/c/Users/lenovo/Desktop/vihang_ws/install/vihang_description/share/ament_index/resource_index/parent_prefix_path/vihang_description
[9.982s] -- Symlinking: /mnt/c/Users/lenovo/Desktop/vihang_ws/install/vihang_description/share/vihang_description/environment/ament_prefix_path.sh
[10.038s] -- Symlinking: /mnt/c/Users/lenovo/Desktop/vihang_ws/install/vihang_description/share/vihang_description/environment/ament_prefix_path.dsv
[10.090s] -- Symlinking: /mnt/c/Users/lenovo/Desktop/vihang_ws/install/vihang_description/share/vihang_description/environment/path.sh
[10.154s] -- Symlinking: /mnt/c/Users/lenovo/Desktop/vihang_ws/install/vihang_description/share/vihang_description/environment/path.dsv
[10.211s] -- Symlinking: /mnt/c/Users/lenovo/Desktop/vihang_ws/install/vihang_description/share/vihang_description/local_setup.bash
[10.260s] -- Symlinking: /mnt/c/Users/lenovo/Desktop/vihang_ws/install/vihang_description/share/vihang_description/local_setup.sh
[10.311s] -- Symlinking: /mnt/c/Users/lenovo/Desktop/vihang_ws/install/vihang_description/share/vihang_description/local_setup.zsh
[10.360s] -- Symlinking: /mnt/c/Users/lenovo/Desktop/vihang_ws/install/vihang_description/share/vihang_description/local_setup.dsv
[10.411s] -- Symlinking: /mnt/c/Users/lenovo/Desktop/vihang_ws/install/vihang_description/share/vihang_description/package.dsv
[10.488s] -- Symlinking: /mnt/c/Users/lenovo/Desktop/vihang_ws/install/vihang_description/share/ament_index/resource_index/packages/vihang_description
[10.562s] -- Symlinking: /mnt/c/Users/lenovo/Desktop/vihang_ws/install/vihang_description/share/vihang_description/cmake/vihang_descriptionConfig.cmake
[10.616s] -- Symlinking: /mnt/c/Users/lenovo/Desktop/vihang_ws/install/vihang_description/share/vihang_description/cmake/vihang_descriptionConfig-version.cmake
[10.668s] -- Symlinking: /mnt/c/Users/lenovo/Desktop/vihang_ws/install/vihang_description/share/vihang_description/package.xml
[10.716s] Invoked command in '/mnt/c/Users/lenovo/Desktop/vihang_ws/build/vihang_description' returned '0': CMAKE_PREFIX_PATH=/opt/ros/humble /usr/bin/cmake --install /mnt/c/Users/lenovo/Desktop/vihang_ws/build/vihang_description
