[0.170s] Invoking command in '/mnt/c/Users/lenovo/Desktop/vihang_ws/build/vihang_description': CMAKE_PREFIX_PATH=${CMAKE_PREFIX_PATH}:/opt/ros/humble /usr/bin/cmake --build /mnt/c/Users/lenovo/Desktop/vihang_ws/build/vihang_description -- -j8 -l8
[0.311s] Invoked command in '/mnt/c/Users/lenovo/Desktop/vihang_ws/build/vihang_description' returned '0': CMAKE_PREFIX_PATH=${CMAKE_PREFIX_PATH}:/opt/ros/humble /usr/bin/cmake --build /mnt/c/Users/lenovo/Desktop/vihang_ws/build/vihang_description -- -j8 -l8
[0.351s] Invoking command in '/mnt/c/Users/lenovo/Desktop/vihang_ws/build/vihang_description': CMAKE_PREFIX_PATH=${CMAKE_PREFIX_PATH}:/opt/ros/humble /usr/bin/cmake --install /mnt/c/Users/lenovo/Desktop/vihang_ws/build/vihang_description
[0.365s] -- Install configuration: ""
[0.379s] -- Execute custom install script
[0.437s] -- Up-to-date symlink: /mnt/c/Users/lenovo/Desktop/vihang_ws/install/vihang_description/share/vihang_description/launch/display.launch.py
[0.504s] -- Up-to-date symlink: /mnt/c/Users/lenovo/Desktop/vihang_ws/install/vihang_description/share/vihang_description/meshes/body.stl
[0.547s] -- Up-to-date symlink: /mnt/c/Users/lenovo/Desktop/vihang_ws/install/vihang_description/share/vihang_description/meshes/rotor.stl
[0.588s] -- Up-to-date symlink: /mnt/c/Users/lenovo/Desktop/vihang_ws/install/vihang_description/share/vihang_description/meshes/wing.stl
[0.650s] -- Up-to-date symlink: /mnt/c/Users/lenovo/Desktop/vihang_ws/install/vihang_description/share/vihang_description/urdf/vihang.urdf.xacro
[0.708s] -- Up-to-date symlink: /mnt/c/Users/lenovo/Desktop/vihang_ws/install/vihang_description/share/ament_index/resource_index/package_run_dependencies/vihang_description
[0.771s] -- Up-to-date symlink: /mnt/c/Users/lenovo/Desktop/vihang_ws/install/vihang_description/share/ament_index/resource_index/parent_prefix_path/vihang_description
[0.797s] -- Up-to-date symlink: /mnt/c/Users/lenovo/Desktop/vihang_ws/install/vihang_description/share/vihang_description/environment/ament_prefix_path.sh
[0.835s] -- Up-to-date symlink: /mnt/c/Users/lenovo/Desktop/vihang_ws/install/vihang_description/share/vihang_description/environment/ament_prefix_path.dsv
[0.871s] -- Up-to-date symlink: /mnt/c/Users/lenovo/Desktop/vihang_ws/install/vihang_description/share/vihang_description/environment/path.sh
[0.914s] -- Up-to-date symlink: /mnt/c/Users/lenovo/Desktop/vihang_ws/install/vihang_description/share/vihang_description/environment/path.dsv
[0.947s] -- Up-to-date symlink: /mnt/c/Users/lenovo/Desktop/vihang_ws/install/vihang_description/share/vihang_description/local_setup.bash
[0.980s] -- Up-to-date symlink: /mnt/c/Users/lenovo/Desktop/vihang_ws/install/vihang_description/share/vihang_description/local_setup.sh
[1.007s] -- Up-to-date symlink: /mnt/c/Users/lenovo/Desktop/vihang_ws/install/vihang_description/share/vihang_description/local_setup.zsh
[1.036s] -- Up-to-date symlink: /mnt/c/Users/lenovo/Desktop/vihang_ws/install/vihang_description/share/vihang_description/local_setup.dsv
[1.049s] -- Symlinking: /mnt/c/Users/lenovo/Desktop/vihang_ws/install/vihang_description/share/vihang_description/package.dsv
[1.153s] -- Up-to-date symlink: /mnt/c/Users/lenovo/Desktop/vihang_ws/install/vihang_description/share/ament_index/resource_index/packages/vihang_description
[1.187s] -- Up-to-date symlink: /mnt/c/Users/lenovo/Desktop/vihang_ws/install/vihang_description/share/vihang_description/cmake/vihang_descriptionConfig.cmake
[1.221s] -- Up-to-date symlink: /mnt/c/Users/lenovo/Desktop/vihang_ws/install/vihang_description/share/vihang_description/cmake/vihang_descriptionConfig-version.cmake
[1.253s] -- Up-to-date symlink: /mnt/c/Users/lenovo/Desktop/vihang_ws/install/vihang_description/share/vihang_description/package.xml
[1.267s] Invoked command in '/mnt/c/Users/lenovo/Desktop/vihang_ws/build/vihang_description' returned '0': CMAKE_PREFIX_PATH=${CMAKE_PREFIX_PATH}:/opt/ros/humble /usr/bin/cmake --install /mnt/c/Users/lenovo/Desktop/vihang_ws/build/vihang_description
