[0.426s] DEBUG:colcon:Command line arguments: ['/usr/bin/colcon', 'build']
[0.427s] DEBUG:colcon:Parsed command line arguments: Namespace(log_base=None, log_level=None, verb_name='build', build_base='build', install_base='install', merge_install=False, symlink_install=False, test_result_base=None, continue_on_error=False, executor='parallel', parallel_workers=8, event_handlers=None, ignore_user_meta=False, metas=['./colcon.meta'], base_paths=['.'], packages_ignore=None, packages_ignore_regex=None, paths=None, packages_up_to=None, packages_up_to_regex=None, packages_above=None, packages_above_and_dependencies=None, packages_above_depth=None, packages_select_by_dep=None, packages_skip_by_dep=None, packages_skip_up_to=None, packages_select_build_failed=False, packages_skip_build_finished=False, packages_select_test_failures=False, packages_skip_test_passed=False, packages_select=None, packages_skip=None, packages_select_regex=None, packages_skip_regex=None, packages_start=None, packages_end=None, allow_overriding=[], cmake_args=None, cmake_target=None, cmake_target_skip_unavailable=False, cmake_clean_cache=False, cmake_clean_first=False, cmake_force_configure=False, ament_cmake_args=None, catkin_cmake_args=None, catkin_skip_building_tests=False, verb_parser=<colcon_defaults.argument_parser.defaults.DefaultArgumentsDecorator object at 0x78be4c8ef880>, verb_extension=<colcon_core.verb.build.BuildVerb object at 0x78be4c8ef370>, main=<bound method BuildVerb.main of <colcon_core.verb.build.BuildVerb object at 0x78be4c8ef370>>)
[0.922s] Level 1:colcon.colcon_core.package_discovery:discover_packages(colcon_meta) check parameters
[0.923s] Level 1:colcon.colcon_core.package_discovery:discover_packages(recursive) check parameters
[0.924s] Level 1:colcon.colcon_core.package_discovery:discover_packages(ignore) check parameters
[0.924s] Level 1:colcon.colcon_core.package_discovery:discover_packages(path) check parameters
[0.925s] Level 1:colcon.colcon_core.package_discovery:discover_packages(colcon_meta) discover
[0.925s] Level 1:colcon.colcon_core.package_discovery:discover_packages(recursive) discover
[0.926s] INFO:colcon.colcon_core.package_discovery:Crawling recursively for packages in '/mnt/c/Users/lenovo/Desktop/vihang_ws'
[0.931s] Level 1:colcon.colcon_core.package_identification:_identify(.) by extensions ['ignore', 'ignore_ament_install']
[0.932s] Level 1:colcon.colcon_core.package_identification:_identify(.) by extension 'ignore'
[0.933s] Level 1:colcon.colcon_core.package_identification:_identify(.) by extension 'ignore_ament_install'
[0.934s] Level 1:colcon.colcon_core.package_identification:_identify(.) by extensions ['colcon_pkg']
[0.935s] Level 1:colcon.colcon_core.package_identification:_identify(.) by extension 'colcon_pkg'
[0.935s] Level 1:colcon.colcon_core.package_identification:_identify(.) by extensions ['colcon_meta']
[0.935s] Level 1:colcon.colcon_core.package_identification:_identify(.) by extension 'colcon_meta'
[0.936s] Level 1:colcon.colcon_core.package_identification:_identify(.) by extensions ['ros']
[0.936s] Level 1:colcon.colcon_core.package_identification:_identify(.) by extension 'ros'
[0.956s] Level 1:colcon.colcon_core.package_identification:_identify(.) by extensions ['cmake', 'python']
[0.957s] Level 1:colcon.colcon_core.package_identification:_identify(.) by extension 'cmake'
[0.957s] Level 1:colcon.colcon_core.package_identification:_identify(.) by extension 'python'
[0.959s] Level 1:colcon.colcon_core.package_identification:_identify(.) by extensions ['python_setup_py']
[0.961s] Level 1:colcon.colcon_core.package_identification:_identify(.) by extension 'python_setup_py'
[0.969s] Level 1:colcon.colcon_core.package_identification:_identify(build) by extensions ['ignore', 'ignore_ament_install']
[0.970s] Level 1:colcon.colcon_core.package_identification:_identify(build) by extension 'ignore'
[0.971s] Level 1:colcon.colcon_core.package_identification:_identify(build) ignored
[0.976s] Level 1:colcon.colcon_core.package_identification:_identify(install) by extensions ['ignore', 'ignore_ament_install']
[0.978s] Level 1:colcon.colcon_core.package_identification:_identify(install) by extension 'ignore'
[0.983s] Level 1:colcon.colcon_core.package_identification:_identify(install) ignored
[0.989s] Level 1:colcon.colcon_core.package_identification:_identify(log) by extensions ['ignore', 'ignore_ament_install']
[0.989s] Level 1:colcon.colcon_core.package_identification:_identify(log) by extension 'ignore'
[0.992s] Level 1:colcon.colcon_core.package_identification:_identify(log) ignored
[1.000s] Level 1:colcon.colcon_core.package_identification:_identify(src) by extensions ['ignore', 'ignore_ament_install']
[1.000s] Level 1:colcon.colcon_core.package_identification:_identify(src) by extension 'ignore'
[1.002s] Level 1:colcon.colcon_core.package_identification:_identify(src) by extension 'ignore_ament_install'
[1.005s] Level 1:colcon.colcon_core.package_identification:_identify(src) by extensions ['colcon_pkg']
[1.006s] Level 1:colcon.colcon_core.package_identification:_identify(src) by extension 'colcon_pkg'
[1.007s] Level 1:colcon.colcon_core.package_identification:_identify(src) by extensions ['colcon_meta']
[1.008s] Level 1:colcon.colcon_core.package_identification:_identify(src) by extension 'colcon_meta'
[1.010s] Level 1:colcon.colcon_core.package_identification:_identify(src) by extensions ['ros']
[1.011s] Level 1:colcon.colcon_core.package_identification:_identify(src) by extension 'ros'
[1.018s] Level 1:colcon.colcon_core.package_identification:_identify(src) by extensions ['cmake', 'python']
[1.018s] Level 1:colcon.colcon_core.package_identification:_identify(src) by extension 'cmake'
[1.020s] Level 1:colcon.colcon_core.package_identification:_identify(src) by extension 'python'
[1.021s] Level 1:colcon.colcon_core.package_identification:_identify(src) by extensions ['python_setup_py']
[1.021s] Level 1:colcon.colcon_core.package_identification:_identify(src) by extension 'python_setup_py'
[1.032s] Level 1:colcon.colcon_core.package_identification:_identify(src/vihang_description) by extensions ['ignore', 'ignore_ament_install']
[1.033s] Level 1:colcon.colcon_core.package_identification:_identify(src/vihang_description) by extension 'ignore'
[1.036s] Level 1:colcon.colcon_core.package_identification:_identify(src/vihang_description) by extension 'ignore_ament_install'
[1.039s] Level 1:colcon.colcon_core.package_identification:_identify(src/vihang_description) by extensions ['colcon_pkg']
[1.039s] Level 1:colcon.colcon_core.package_identification:_identify(src/vihang_description) by extension 'colcon_pkg'
[1.042s] Level 1:colcon.colcon_core.package_identification:_identify(src/vihang_description) by extensions ['colcon_meta']
[1.042s] Level 1:colcon.colcon_core.package_identification:_identify(src/vihang_description) by extension 'colcon_meta'
[1.052s] Level 1:colcon.colcon_core.package_identification:_identify(src/vihang_description) by extensions ['ros']
[1.053s] Level 1:colcon.colcon_core.package_identification:_identify(src/vihang_description) by extension 'ros'
[1.082s] DEBUG:colcon.colcon_core.package_identification:Package 'src/vihang_description' with type 'ros.ament_cmake' and name 'vihang_description'
[1.082s] Level 1:colcon.colcon_core.package_discovery:discover_packages(recursive) using defaults
[1.083s] Level 1:colcon.colcon_core.package_discovery:discover_packages(ignore) discover
[1.083s] Level 1:colcon.colcon_core.package_discovery:discover_packages(ignore) using defaults
[1.083s] Level 1:colcon.colcon_core.package_discovery:discover_packages(path) discover
[1.084s] Level 1:colcon.colcon_core.package_discovery:discover_packages(path) using defaults
[1.152s] Level 1:colcon.colcon_core.package_discovery:discover_packages(prefix_path) check parameters
[1.153s] Level 1:colcon.colcon_core.package_discovery:discover_packages(prefix_path) discover
[1.158s] DEBUG:colcon.colcon_installed_package_information.package_discovery:Found 310 installed packages in /opt/ros/humble
[1.162s] Level 1:colcon.colcon_core.package_discovery:discover_packages(prefix_path) using defaults
[1.240s] Level 5:colcon.colcon_core.verb:set package 'vihang_description' build argument 'cmake_args' from command line to 'None'
[1.240s] Level 5:colcon.colcon_core.verb:set package 'vihang_description' build argument 'cmake_target' from command line to 'None'
[1.241s] Level 5:colcon.colcon_core.verb:set package 'vihang_description' build argument 'cmake_target_skip_unavailable' from command line to 'False'
[1.241s] Level 5:colcon.colcon_core.verb:set package 'vihang_description' build argument 'cmake_clean_cache' from command line to 'False'
[1.242s] Level 5:colcon.colcon_core.verb:set package 'vihang_description' build argument 'cmake_clean_first' from command line to 'False'
[1.242s] Level 5:colcon.colcon_core.verb:set package 'vihang_description' build argument 'cmake_force_configure' from command line to 'False'
[1.242s] Level 5:colcon.colcon_core.verb:set package 'vihang_description' build argument 'ament_cmake_args' from command line to 'None'
[1.242s] Level 5:colcon.colcon_core.verb:set package 'vihang_description' build argument 'catkin_cmake_args' from command line to 'None'
[1.243s] Level 5:colcon.colcon_core.verb:set package 'vihang_description' build argument 'catkin_skip_building_tests' from command line to 'False'
[1.243s] DEBUG:colcon.colcon_core.verb:Building package 'vihang_description' with the following arguments: {'ament_cmake_args': None, 'build_base': '/mnt/c/Users/lenovo/Desktop/vihang_ws/build/vihang_description', 'catkin_cmake_args': None, 'catkin_skip_building_tests': False, 'cmake_args': None, 'cmake_clean_cache': False, 'cmake_clean_first': False, 'cmake_force_configure': False, 'cmake_target': None, 'cmake_target_skip_unavailable': False, 'install_base': '/mnt/c/Users/lenovo/Desktop/vihang_ws/install/vihang_description', 'merge_install': False, 'path': '/mnt/c/Users/lenovo/Desktop/vihang_ws/src/vihang_description', 'symlink_install': False, 'test_result_base': None}
[1.244s] INFO:colcon.colcon_core.executor:Executing jobs using 'parallel' executor
[1.246s] DEBUG:colcon.colcon_parallel_executor.executor.parallel:run_until_complete
[1.247s] INFO:colcon.colcon_ros.task.ament_cmake.build:Building ROS package in '/mnt/c/Users/lenovo/Desktop/vihang_ws/src/vihang_description' with build type 'ament_cmake'
[1.249s] INFO:colcon.colcon_cmake.task.cmake.build:Building CMake package in '/mnt/c/Users/lenovo/Desktop/vihang_ws/src/vihang_description'
[1.255s] INFO:colcon.colcon_core.plugin_system:Skipping extension 'colcon_core.shell.bat': Not used on non-Windows systems
[1.256s] INFO:colcon.colcon_core.shell:Skip shell extension 'powershell' for command environment: Not usable outside of PowerShell
[1.256s] DEBUG:colcon.colcon_core.shell:Skip shell extension 'dsv' for command environment
[1.430s] DEBUG:colcon.colcon_core.event_handler.log_command:Invoking command in '/mnt/c/Users/lenovo/Desktop/vihang_ws/build/vihang_description': CMAKE_PREFIX_PATH=/opt/ros/humble /usr/bin/cmake --build /mnt/c/Users/lenovo/Desktop/vihang_ws/build/vihang_description -- -j8 -l8
[1.676s] DEBUG:colcon.colcon_core.event_handler.log_command:Invoked command in '/mnt/c/Users/lenovo/Desktop/vihang_ws/build/vihang_description' returned '0': CMAKE_PREFIX_PATH=/opt/ros/humble /usr/bin/cmake --build /mnt/c/Users/lenovo/Desktop/vihang_ws/build/vihang_description -- -j8 -l8
[1.744s] DEBUG:colcon.colcon_core.event_handler.log_command:Invoking command in '/mnt/c/Users/lenovo/Desktop/vihang_ws/build/vihang_description': CMAKE_PREFIX_PATH=/opt/ros/humble /usr/bin/cmake --install /mnt/c/Users/lenovo/Desktop/vihang_ws/build/vihang_description
[3.649s] Level 1:colcon.colcon_core.environment:create_environment_scripts_only(vihang_description)
[3.659s] Level 1:colcon.colcon_core.environment:checking '/mnt/c/Users/lenovo/Desktop/vihang_ws/install/vihang_description' for CMake module files
[3.662s] DEBUG:colcon.colcon_core.event_handler.log_command:Invoked command in '/mnt/c/Users/lenovo/Desktop/vihang_ws/build/vihang_description' returned '0': CMAKE_PREFIX_PATH=/opt/ros/humble /usr/bin/cmake --install /mnt/c/Users/lenovo/Desktop/vihang_ws/build/vihang_description
[3.988s] Level 1:colcon.colcon_core.environment:checking '/mnt/c/Users/lenovo/Desktop/vihang_ws/install/vihang_description' for CMake config files
[4.299s] Level 1:colcon.colcon_core.shell:create_environment_hook('vihang_description', 'cmake_prefix_path')
[4.300s] INFO:colcon.colcon_core.shell:Creating environment hook '/mnt/c/Users/lenovo/Desktop/vihang_ws/install/vihang_description/share/vihang_description/hook/cmake_prefix_path.ps1'
[4.334s] INFO:colcon.colcon_core.shell:Creating environment descriptor '/mnt/c/Users/lenovo/Desktop/vihang_ws/install/vihang_description/share/vihang_description/hook/cmake_prefix_path.dsv'
[4.367s] INFO:colcon.colcon_core.shell:Creating environment hook '/mnt/c/Users/lenovo/Desktop/vihang_ws/install/vihang_description/share/vihang_description/hook/cmake_prefix_path.sh'
[4.415s] Level 1:colcon.colcon_core.environment:checking '/mnt/c/Users/lenovo/Desktop/vihang_ws/install/vihang_description/bin'
[4.419s] Level 1:colcon.colcon_core.environment:checking '/mnt/c/Users/lenovo/Desktop/vihang_ws/install/vihang_description/lib/pkgconfig/vihang_description.pc'
[4.426s] Level 1:colcon.colcon_core.environment:checking '/mnt/c/Users/lenovo/Desktop/vihang_ws/install/vihang_description/lib/python3.10/site-packages'
[4.428s] Level 1:colcon.colcon_core.environment:checking '/mnt/c/Users/lenovo/Desktop/vihang_ws/install/vihang_description/bin'
[4.432s] INFO:colcon.colcon_core.shell:Creating package script '/mnt/c/Users/lenovo/Desktop/vihang_ws/install/vihang_description/share/vihang_description/package.ps1'
[4.461s] INFO:colcon.colcon_core.shell:Creating package descriptor '/mnt/c/Users/lenovo/Desktop/vihang_ws/install/vihang_description/share/vihang_description/package.dsv'
[4.495s] INFO:colcon.colcon_core.shell:Creating package script '/mnt/c/Users/lenovo/Desktop/vihang_ws/install/vihang_description/share/vihang_description/package.sh'
[4.528s] INFO:colcon.colcon_core.shell:Creating package script '/mnt/c/Users/lenovo/Desktop/vihang_ws/install/vihang_description/share/vihang_description/package.bash'
[4.556s] INFO:colcon.colcon_core.shell:Creating package script '/mnt/c/Users/lenovo/Desktop/vihang_ws/install/vihang_description/share/vihang_description/package.zsh'
[4.584s] Level 1:colcon.colcon_core.environment:create_file_with_runtime_dependencies(/mnt/c/Users/lenovo/Desktop/vihang_ws/install/vihang_description/share/colcon-core/packages/vihang_description)
[4.644s] Level 1:colcon.colcon_core.environment:create_environment_scripts_only(vihang_description)
[4.646s] Level 1:colcon.colcon_core.environment:checking '/mnt/c/Users/lenovo/Desktop/vihang_ws/install/vihang_description' for CMake module files
[4.881s] Level 1:colcon.colcon_core.environment:checking '/mnt/c/Users/lenovo/Desktop/vihang_ws/install/vihang_description' for CMake config files
[5.084s] Level 1:colcon.colcon_core.shell:create_environment_hook('vihang_description', 'cmake_prefix_path')
[5.086s] INFO:colcon.colcon_core.shell:Creating environment hook '/mnt/c/Users/lenovo/Desktop/vihang_ws/install/vihang_description/share/vihang_description/hook/cmake_prefix_path.ps1'
[5.127s] INFO:colcon.colcon_core.shell:Creating environment descriptor '/mnt/c/Users/lenovo/Desktop/vihang_ws/install/vihang_description/share/vihang_description/hook/cmake_prefix_path.dsv'
[5.160s] INFO:colcon.colcon_core.shell:Creating environment hook '/mnt/c/Users/lenovo/Desktop/vihang_ws/install/vihang_description/share/vihang_description/hook/cmake_prefix_path.sh'
[5.190s] Level 1:colcon.colcon_core.environment:checking '/mnt/c/Users/lenovo/Desktop/vihang_ws/install/vihang_description/bin'
[5.193s] Level 1:colcon.colcon_core.environment:checking '/mnt/c/Users/lenovo/Desktop/vihang_ws/install/vihang_description/lib/pkgconfig/vihang_description.pc'
[5.196s] Level 1:colcon.colcon_core.environment:checking '/mnt/c/Users/lenovo/Desktop/vihang_ws/install/vihang_description/lib/python3.10/site-packages'
[5.199s] Level 1:colcon.colcon_core.environment:checking '/mnt/c/Users/lenovo/Desktop/vihang_ws/install/vihang_description/bin'
[5.203s] INFO:colcon.colcon_core.shell:Creating package script '/mnt/c/Users/lenovo/Desktop/vihang_ws/install/vihang_description/share/vihang_description/package.ps1'
[5.232s] INFO:colcon.colcon_core.shell:Creating package descriptor '/mnt/c/Users/lenovo/Desktop/vihang_ws/install/vihang_description/share/vihang_description/package.dsv'
[5.261s] INFO:colcon.colcon_core.shell:Creating package script '/mnt/c/Users/lenovo/Desktop/vihang_ws/install/vihang_description/share/vihang_description/package.sh'
[5.286s] INFO:colcon.colcon_core.shell:Creating package script '/mnt/c/Users/lenovo/Desktop/vihang_ws/install/vihang_description/share/vihang_description/package.bash'
[5.320s] INFO:colcon.colcon_core.shell:Creating package script '/mnt/c/Users/lenovo/Desktop/vihang_ws/install/vihang_description/share/vihang_description/package.zsh'
[5.341s] Level 1:colcon.colcon_core.environment:create_file_with_runtime_dependencies(/mnt/c/Users/lenovo/Desktop/vihang_ws/install/vihang_description/share/colcon-core/packages/vihang_description)
[5.366s] DEBUG:colcon.colcon_parallel_executor.executor.parallel:closing loop
[5.367s] DEBUG:colcon.colcon_parallel_executor.executor.parallel:loop closed
[5.368s] DEBUG:colcon.colcon_parallel_executor.executor.parallel:run_until_complete finished with '0'
[5.368s] DEBUG:colcon.colcon_core.event_reactor:joining thread
[5.485s] INFO:colcon.colcon_core.plugin_system:Skipping extension 'colcon_notification.desktop_notification.notify_send': Could not find 'notify-send'
[5.486s] INFO:colcon.colcon_core.plugin_system:Skipping extension 'colcon_notification.desktop_notification.terminal_notifier': Not used on non-Darwin systems
[5.486s] INFO:colcon.colcon_core.plugin_system:Skipping extension 'colcon_notification.desktop_notification.win32': Not used on non-Windows systems
[5.487s] INFO:colcon.colcon_notification.desktop_notification:Sending desktop notification using 'notify2'
[5.488s] DEBUG:colcon.colcon_notification.desktop_notification.notify2:Failed to initialize notify2: org.freedesktop.DBus.Error.FileNotFound: Failed to connect to socket /run/user/1000/bus: No such file or directory
[5.489s] DEBUG:colcon.colcon_core.event_reactor:joined thread
[5.491s] INFO:colcon.colcon_core.shell:Creating prefix script '/mnt/c/Users/lenovo/Desktop/vihang_ws/install/local_setup.ps1'
[5.505s] INFO:colcon.colcon_core.shell:Creating prefix util module '/mnt/c/Users/lenovo/Desktop/vihang_ws/install/_local_setup_util_ps1.py'
[5.518s] INFO:colcon.colcon_core.shell:Creating prefix chain script '/mnt/c/Users/lenovo/Desktop/vihang_ws/install/setup.ps1'
[5.536s] INFO:colcon.colcon_core.shell:Creating prefix script '/mnt/c/Users/lenovo/Desktop/vihang_ws/install/local_setup.sh'
[5.551s] INFO:colcon.colcon_core.shell:Creating prefix util module '/mnt/c/Users/lenovo/Desktop/vihang_ws/install/_local_setup_util_sh.py'
[5.567s] INFO:colcon.colcon_core.shell:Creating prefix chain script '/mnt/c/Users/lenovo/Desktop/vihang_ws/install/setup.sh'
[5.580s] INFO:colcon.colcon_core.shell:Creating prefix script '/mnt/c/Users/lenovo/Desktop/vihang_ws/install/local_setup.bash'
[5.592s] INFO:colcon.colcon_core.shell:Creating prefix chain script '/mnt/c/Users/lenovo/Desktop/vihang_ws/install/setup.bash'
[5.607s] INFO:colcon.colcon_core.shell:Creating prefix script '/mnt/c/Users/lenovo/Desktop/vihang_ws/install/local_setup.zsh'
[5.623s] INFO:colcon.colcon_core.shell:Creating prefix chain script '/mnt/c/Users/lenovo/Desktop/vihang_ws/install/setup.zsh'
